        -:    0:Source:src/builtins.c
        -:    0:Graph:src/builtins.gcno
        -:    0:Data:src/builtins.gcda
        -:    0:Runs:101
        -:    1:/*
        -:    2: * EigenScript built-in functions.
        -:    3: * All 119 language builtins plus the registration table.
        -:    4: * Extension builtins (HTTP, DB, model) live in ext_*.c and model_*.c.
        -:    5: */
        -:    6:
        -:    7:#include "eigenscript.h"
        -:    8:#include <pthread.h>
        -:    9:
        -:   10:#if EIGENSCRIPT_EXT_HTTP
        -:   11:#include "ext_http_internal.h"
        -:   12:#endif
        -:   13:
        -:   14:#if EIGENSCRIPT_EXT_DB
        -:   15:#include "ext_db_internal.h"
        -:   16:#endif
        -:   17:
        -:   18:#if EIGENSCRIPT_EXT_MODEL
        -:   19:#include "model_internal.h"
        -:   20:#endif
        -:   21:
        -:   22:/* Internal helpers defined in eigenscript.c. */
        -:   23:void runtime_error(int line, const char *fmt, ...);
        -:   24:Value* make_num_permanent(double n);
        -:   25:const char* val_type_name(ValType t);
        -:   26:int dict_has(Value *dict, const char *key);
        -:   27:void dict_remove(Value *dict, const char *key);
        -:   28:extern int g_try_depth;
        -:   29:
      998:   30:Value* builtin_print(Value *arg) {
      998:   31:    char *s = value_to_string(arg);
      998:   32:    printf("%s\n", s);
      998:   33:    fflush(stdout);
      998:   34:    free(s);
      998:   35:    return make_null();
        -:   36:}
        -:   37:
      301:   38:Value* builtin_len(Value *arg) {
      301:   39:    if (arg->type == VAL_LIST)
      261:   40:        return make_num(arg->data.list.count);
       40:   41:    if (arg->type == VAL_STR)
       34:   42:        return make_num(strlen(arg->data.str));
        6:   43:    if (arg->type == VAL_DICT)
        6:   44:        return make_num(arg->data.dict.count);
    #####:   45:    return make_num(0);
        -:   46:}
        -:   47:
      794:   48:Value* builtin_str(Value *arg) {
      794:   49:    char *s = value_to_string(arg);
      794:   50:    Value *v = make_str(s);
      794:   51:    free(s);
      794:   52:    return v;
        -:   53:}
        -:   54:
        8:   55:Value* builtin_num(Value *arg) {
       8*:   56:    if (!arg) return make_num(0);
       8*:   57:    if (arg->type == VAL_NUM) return arg;
        8:   58:    if (arg->type == VAL_STR) return make_num(strtod(arg->data.str, NULL));
    #####:   59:    if (arg->type == VAL_NULL) return make_num(0);
    #####:   60:    return make_num(0);
        -:   61:}
        -:   62:
      306:   63:Value* builtin_append(Value *arg) {
     306*:   64:    if (arg->type != VAL_LIST || arg->data.list.count < 2) return make_null();
      306:   65:    Value *target = arg->data.list.items[0];
      306:   66:    Value *item = arg->data.list.items[1];
      306:   67:    if (target->type == VAL_LIST) {
      306:   68:        list_append(target, item);
        -:   69:    }
      306:   70:    return target;
        -:   71:}
        -:   72:
        -:   73:
      890:   74:Value* builtin_report(Value *arg) {
     890*:   75:    if (!arg) return make_str("equilibrium");
      890:   76:    double dh = arg->dH;
      890:   77:    double h = arg->entropy;
      890:   78:    double prev_dh = arg->prev_dH;
      890:   79:    if (prev_dh != 0.0 && dh * prev_dh < 0 && fabs(dh) > 0.001)
        9:   80:        return make_str("oscillating");
      881:   81:    if (dh > 0.01) return make_str("diverging");
      646:   82:    if (dh < -0.01) return make_str("improving");
      403:   83:    if (fabs(dh) < 0.001 && h < 0.1) return make_str("converged");
      392:   84:    if (fabs(dh) < 0.001) return make_str("equilibrium");
      280:   85:    if (fabs(dh) < 0.01 && h >= 0.1) return make_str("stable");
      169:   86:    return make_str("stable");
        -:   87:}
        -:   88:
      157:   89:Value* builtin_assert(Value *arg) {
      157:   90:    if (arg->type == VAL_LIST && arg->data.list.count >= 2) {
      156:   91:        Value *cond = arg->data.list.items[0];
      156:   92:        Value *msg = arg->data.list.items[1];
      156:   93:        if (!is_truthy(cond)) {
        2:   94:            char *msg_str = value_to_string(msg);
        2:   95:            fprintf(stderr, "ASSERT FAIL: %s\n", msg_str);
        2:   96:            free(msg_str);
        2:   97:            exit(1);
        -:   98:        }
      154:   99:        return make_null();
        -:  100:    }
        1:  101:    if (!is_truthy(arg)) {
    #####:  102:        fprintf(stderr, "ASSERT FAIL\n");
    #####:  103:        exit(1);
        -:  104:    }
        1:  105:    return make_null();
        -:  106:}
        -:  107:
        5:  108:Value* builtin_throw(Value *arg) {
        5:  109:    char *msg = value_to_string(arg);
        5:  110:    snprintf(g_error_msg, sizeof(g_error_msg), "%s", msg);
        5:  111:    g_has_error = 1;
        5:  112:    if (g_try_depth == 0) {
    #####:  113:        fprintf(stderr, "%s\n", g_error_msg);
        -:  114:    }
        5:  115:    free(msg);
        5:  116:    return make_null();
        -:  117:}
        -:  118:
        -:  119:/* ==== Dict builtins ==== */
        -:  120:
        2:  121:Value* builtin_keys(Value *arg) {
        2:  122:    if (arg->type == VAL_DICT) {
        2:  123:        Value *list = make_list(arg->data.dict.count);
       10:  124:        for (int i = 0; i < arg->data.dict.count; i++)
        8:  125:            list_append(list, make_str(arg->data.dict.keys[i]));
        2:  126:        return list;
        -:  127:    }
    #####:  128:    return make_list(0);
        -:  129:}
        -:  130:
        1:  131:Value* builtin_values(Value *arg) {
        1:  132:    if (arg->type == VAL_DICT) {
        1:  133:        Value *list = make_list(arg->data.dict.count);
        3:  134:        for (int i = 0; i < arg->data.dict.count; i++)
        2:  135:            list_append(list, arg->data.dict.vals[i]);
        1:  136:        return list;
        -:  137:    }
    #####:  138:    return make_list(0);
        -:  139:}
        -:  140:
        4:  141:Value* builtin_has_key(Value *arg) {
       4*:  142:    if (arg->type != VAL_LIST || arg->data.list.count < 2) return make_num(0);
        4:  143:    Value *d = arg->data.list.items[0];
        4:  144:    Value *key = arg->data.list.items[1];
       4*:  145:    if (d->type != VAL_DICT || key->type != VAL_STR) return make_num(0);
        4:  146:    return make_num(dict_has(d, key->data.str) ? 1 : 0);
        -:  147:}
        -:  148:
        2:  149:Value* builtin_dict_set(Value *arg) {
       2*:  150:    if (arg->type != VAL_LIST || arg->data.list.count < 3) return make_null();
        2:  151:    Value *d = arg->data.list.items[0];
        2:  152:    Value *key = arg->data.list.items[1];
        2:  153:    Value *val = arg->data.list.items[2];
       2*:  154:    if (d->type != VAL_DICT || key->type != VAL_STR) return make_null();
        2:  155:    dict_set(d, key->data.str, val);
        2:  156:    return d;
        -:  157:}
        -:  158:
        1:  159:Value* builtin_dict_remove(Value *arg) {
       1*:  160:    if (arg->type != VAL_LIST || arg->data.list.count < 2) return make_null();
        1:  161:    Value *d = arg->data.list.items[0];
        1:  162:    Value *key = arg->data.list.items[1];
       1*:  163:    if (d->type != VAL_DICT || key->type != VAL_STR) return make_null();
        1:  164:    dict_remove(d, key->data.str);
        1:  165:    return d;
        -:  166:}
        -:  167:
       77:  168:Value* builtin_observe(Value *arg) {
       77:  169:    Value *list = make_list(4);
       77:  170:    if (!arg) {
    #####:  171:        list_append(list, make_str("equilibrium"));
    #####:  172:        list_append(list, make_num(0.0));
    #####:  173:        list_append(list, make_num(0.0));
    #####:  174:        list_append(list, make_num(0.0));
    #####:  175:        return list;
        -:  176:    }
       77:  177:    Value *rep = builtin_report(arg);
       77:  178:    list_append(list, rep);
       77:  179:    list_append(list, make_num(arg->entropy));
       77:  180:    list_append(list, make_num(arg->dH));
       77:  181:    list_append(list, make_num(arg->prev_dH));
       77:  182:    return list;
        -:  183:}
        -:  184:
       20:  185:Value* builtin_type(Value *arg) {
      20*:  186:    if (!arg) return make_str("none");
       20:  187:    switch (arg->type) {
        2:  188:        case VAL_NUM: return make_str("num");
        2:  189:        case VAL_STR: return make_str("str");
       10:  190:        case VAL_LIST: return make_str("list");
    #####:  191:        case VAL_FN: return make_str("fn");
        1:  192:        case VAL_BUILTIN: return make_str("builtin");
        1:  193:        case VAL_NULL: return make_str("none");
        1:  194:        case VAL_JSON_RAW: return make_str("json_raw");
        3:  195:        case VAL_DICT: return make_str("dict");
        -:  196:    }
    #####:  197:    return make_str("none");
        -:  198:}
        -:  199:
       19:  200:static void eigs_json_encode_value(Value *v, char *buf, int *pos, int max_len) {
       19:  201:    if (!v || v->type == VAL_NULL || v->type == VAL_FN || v->type == VAL_BUILTIN) {
    #####:  202:        *pos += snprintf(buf + *pos, max_len - *pos, "null");
    #####:  203:        return;
        -:  204:    }
       19:  205:    switch (v->type) {
        7:  206:        case VAL_NUM: {
        7:  207:            double n = v->data.num;
        7:  208:            if (n == (int)n && fabs(n) < 1e15)
        7:  209:                *pos += snprintf(buf + *pos, max_len - *pos, "%d", (int)n);
        -:  210:            else
    #####:  211:                *pos += snprintf(buf + *pos, max_len - *pos, "%.15g", n);
        7:  212:            break;
        -:  213:        }
        9:  214:        case VAL_STR: {
        9:  215:            buf[(*pos)++] = '"';
       55:  216:            for (const char *c = v->data.str; *c && *pos < max_len - 2; c++) {
       46:  217:                switch (*c) {
    #####:  218:                    case '"': buf[(*pos)++] = '\\'; buf[(*pos)++] = '"'; break;
    #####:  219:                    case '\\': buf[(*pos)++] = '\\'; buf[(*pos)++] = '\\'; break;
    #####:  220:                    case '\n': buf[(*pos)++] = '\\'; buf[(*pos)++] = 'n'; break;
    #####:  221:                    case '\r': buf[(*pos)++] = '\\'; buf[(*pos)++] = 'r'; break;
    #####:  222:                    case '\t': buf[(*pos)++] = '\\'; buf[(*pos)++] = 't'; break;
       46:  223:                    default: buf[(*pos)++] = *c; break;
        -:  224:                }
        -:  225:            }
        9:  226:            buf[(*pos)++] = '"';
        9:  227:            break;
        -:  228:        }
        3:  229:        case VAL_LIST: {
        3:  230:            buf[(*pos)++] = '[';
       17:  231:            for (int i = 0; i < v->data.list.count; i++) {
       14:  232:                if (i > 0) buf[(*pos)++] = ',';
       14:  233:                eigs_json_encode_value(v->data.list.items[i], buf, pos, max_len);
        -:  234:            }
        3:  235:            buf[(*pos)++] = ']';
        3:  236:            break;
        -:  237:        }
    #####:  238:        default:
    #####:  239:            *pos += snprintf(buf + *pos, max_len - *pos, "null");
    #####:  240:            break;
        -:  241:    }
       19:  242:    buf[*pos] = '\0';
        -:  243:}
        -:  244:
        5:  245:Value* builtin_json_encode(Value *arg) {
        5:  246:    char *buf = xmalloc(MAX_STR);
        5:  247:    int pos = 0;
        5:  248:    eigs_json_encode_value(arg, buf, &pos, MAX_STR - 1);
        5:  249:    buf[pos] = '\0';
        5:  250:    Value *result = make_str(buf);
        5:  251:    free(buf);
        5:  252:    return result;
        -:  253:}
        -:  254:
        -:  255:Value* eigs_json_parse_value(const char *s, int *pos);
        -:  256:
      128:  257:static void eigs_json_skip_ws(const char *s, int *pos) {
      163:  258:    while (s[*pos] && (s[*pos] == ' ' || s[*pos] == '\t' || s[*pos] == '\n' || s[*pos] == '\r'))
       35:  259:        (*pos)++;
      128:  260:}
        -:  261:
       42:  262:static Value* eigs_json_parse_string(const char *s, int *pos) {
      42*:  263:    if (s[*pos] != '"') return NULL;
       42:  264:    (*pos)++;
        -:  265:    char buf[MAX_STR];
       42:  266:    int len = 0;
      256:  267:    while (s[*pos] && s[*pos] != '"' && len < MAX_STR - 1) {
      214:  268:        if (s[*pos] == '\\') {
    #####:  269:            (*pos)++;
    #####:  270:            switch (s[*pos]) {
    #####:  271:                case '"': buf[len++] = '"'; break;
    #####:  272:                case '\\': buf[len++] = '\\'; break;
    #####:  273:                case 'n': buf[len++] = '\n'; break;
    #####:  274:                case 'r': buf[len++] = '\r'; break;
    #####:  275:                case 't': buf[len++] = '\t'; break;
    #####:  276:                case '/': buf[len++] = '/'; break;
    #####:  277:                default: buf[len++] = s[*pos]; break;
        -:  278:            }
        -:  279:        } else {
      214:  280:            buf[len++] = s[*pos];
        -:  281:        }
      214:  282:        (*pos)++;
        -:  283:    }
       42:  284:    if (s[*pos] == '"') (*pos)++;
       42:  285:    buf[len] = '\0';
       42:  286:    return make_str(buf);
        -:  287:}
        -:  288:
        3:  289:static Value* eigs_json_parse_number(const char *s, int *pos) {
        -:  290:    char numbuf[64];
        3:  291:    int len = 0;
       3*:  292:    if (s[*pos] == '-') numbuf[len++] = s[(*pos)++];
        6:  293:    while (s[*pos] && (isdigit(s[*pos]) || s[*pos] == '.' || s[*pos] == 'e' || s[*pos] == 'E' || s[*pos] == '+') && len < 63) {
        3:  294:        numbuf[len++] = s[(*pos)++];
        -:  295:    }
        3:  296:    numbuf[len] = '\0';
        3:  297:    return make_num(atof(numbuf));
        -:  298:}
        -:  299:
        1:  300:static Value* eigs_json_parse_array(const char *s, int *pos) {
        1:  301:    (*pos)++;
        1:  302:    Value *list = make_list(8);
        1:  303:    eigs_json_skip_ws(s, pos);
       1*:  304:    if (s[*pos] == ']') { (*pos)++; return list; }
        3:  305:    while (s[*pos]) {
        3:  306:        eigs_json_skip_ws(s, pos);
        3:  307:        Value *val = eigs_json_parse_value(s, pos);
        3:  308:        if (val) list_append(list, val);
        3:  309:        eigs_json_skip_ws(s, pos);
        3:  310:        if (s[*pos] == ',') { (*pos)++; continue; }
        1:  311:        if (s[*pos] == ']') { (*pos)++; break; }
    #####:  312:        break;
        -:  313:    }
        1:  314:    return list;
        -:  315:}
        -:  316:
        6:  317:static Value* eigs_json_parse_object(const char *s, int *pos) {
        6:  318:    (*pos)++;
        6:  319:    Value *list = make_list(8);
        6:  320:    eigs_json_skip_ws(s, pos);
       6*:  321:    if (s[*pos] == '}') { (*pos)++; return list; }
       21:  322:    while (s[*pos]) {
       21:  323:        eigs_json_skip_ws(s, pos);
       21:  324:        Value *key = eigs_json_parse_string(s, pos);
      21*:  325:        if (!key) break;
       21:  326:        eigs_json_skip_ws(s, pos);
       21:  327:        if (s[*pos] == ':') (*pos)++;
       21:  328:        eigs_json_skip_ws(s, pos);
       21:  329:        Value *val = eigs_json_parse_value(s, pos);
       21:  330:        list_append(list, key);
      21*:  331:        list_append(list, val ? val : make_null());
       21:  332:        eigs_json_skip_ws(s, pos);
       21:  333:        if (s[*pos] == ',') { (*pos)++; continue; }
        6:  334:        if (s[*pos] == '}') { (*pos)++; break; }
    #####:  335:        break;
        -:  336:    }
        6:  337:    return list;
        -:  338:}
        -:  339:
       31:  340:Value* eigs_json_parse_value(const char *s, int *pos) {
       31:  341:    eigs_json_skip_ws(s, pos);
      31*:  342:    if (!s[*pos]) return make_null();
       31:  343:    if (s[*pos] == '"') return eigs_json_parse_string(s, pos);
       10:  344:    if (s[*pos] == '[') return eigs_json_parse_array(s, pos);
        9:  345:    if (s[*pos] == '{') return eigs_json_parse_object(s, pos);
        3:  346:    if (s[*pos] == '-' || isdigit(s[*pos])) return eigs_json_parse_number(s, pos);
    #####:  347:    if (strncmp(s + *pos, "null", 4) == 0) { *pos += 4; return make_null(); }
    #####:  348:    if (strncmp(s + *pos, "true", 4) == 0) { *pos += 4; return make_num(1); }
    #####:  349:    if (strncmp(s + *pos, "false", 5) == 0) { *pos += 5; return make_num(0); }
    #####:  350:    return make_null();
        -:  351:}
        -:  352:
        3:  353:Value* builtin_json_decode(Value *arg) {
        3:  354:    if (!arg || arg->type != VAL_STR) {
    #####:  355:        fprintf(stderr, "Type error: json_decode requires a string, got %s\n",
    #####:  356:                arg ? val_type_name(arg->type) : "null");
    #####:  357:        return make_null();
        -:  358:    }
        3:  359:    int pos = 0;
        3:  360:    return eigs_json_parse_value(arg->data.str, &pos);
        -:  361:}
        -:  362:
        3:  363:Value* builtin_coalesce(Value *arg) {
        -:  364:    /* coalesce of [value, default] — returns value unless empty/null */
        3:  365:    if (!arg || arg->type != VAL_LIST || arg->data.list.count < 2)
    #####:  366:        return arg ? arg : make_null();
        3:  367:    Value *val = arg->data.list.items[0];
        3:  368:    Value *def = arg->data.list.items[1];
        3:  369:    if (!val || val->type == VAL_NULL) return def;
        2:  370:    if (val->type == VAL_STR && val->data.str[0] == '\0') return def;
        1:  371:    return val;
        -:  372:}
        -:  373:
        1:  374:Value* builtin_json_build(Value *arg) {
        -:  375:    /* json_build of [key1, val1, key2, val2, ...] — properly escaped JSON object */
       1*:  376:    if (!arg || arg->type != VAL_LIST) return make_str("{}");
        1:  377:    int count = arg->data.list.count;
        1:  378:    int buf_size = count * 256 + 64;
       1*:  379:    if (buf_size < 1024) buf_size = 1024;
        1:  380:    char *buf = xcalloc(buf_size, 1);
        1:  381:    int pos = 0;
        1:  382:    pos += snprintf(buf + pos, buf_size - pos, "{");
        5:  383:    for (int i = 0; i + 1 < count && pos < buf_size - 64; i += 2) {
        4:  384:        if (i > 0) pos += snprintf(buf + pos, buf_size - pos, ", ");
        4:  385:        char *key = value_to_string(arg->data.list.items[i]);
        4:  386:        Value *val = arg->data.list.items[i + 1];
        4:  387:        pos += snprintf(buf + pos, buf_size - pos, "\"%s\": ", key);
        4:  388:        free(key);
        4:  389:        if (val->type == VAL_STR) {
        4:  390:            char *vs = val->data.str;
        4:  391:            buf[pos++] = '"';
       18:  392:            for (int j = 0; vs[j] && pos < buf_size - 10; j++) {
      14*:  393:                if (vs[j] == '"') { buf[pos++] = '\\'; buf[pos++] = '"'; }
      14*:  394:                else if (vs[j] == '\\') { buf[pos++] = '\\'; buf[pos++] = '\\'; }
      14*:  395:                else if (vs[j] == '\n') { buf[pos++] = '\\'; buf[pos++] = 'n'; }
      14*:  396:                else if (vs[j] == '\t') { buf[pos++] = '\\'; buf[pos++] = 't'; }
       14:  397:                else buf[pos++] = vs[j];
        -:  398:            }
        4:  399:            buf[pos++] = '"';
    #####:  400:        } else if (val->type == VAL_NUM) {
    #####:  401:            double d = val->data.num;
    #####:  402:            if (d == (double)(int)d && d >= -1e9 && d <= 1e9)
    #####:  403:                pos += snprintf(buf + pos, buf_size - pos, "%d", (int)d);
        -:  404:            else
    #####:  405:                pos += snprintf(buf + pos, buf_size - pos, "%.6f", d);
    #####:  406:        } else if (val->type == VAL_NULL) {
    #####:  407:            pos += snprintf(buf + pos, buf_size - pos, "null");
    #####:  408:        } else if (val->type == VAL_JSON_RAW) {
    #####:  409:            pos += snprintf(buf + pos, buf_size - pos, "%s", val->data.str);
        -:  410:        } else {
    #####:  411:            char *vs = value_to_string(val);
    #####:  412:            pos += snprintf(buf + pos, buf_size - pos, "\"%s\"", vs);
    #####:  413:            free(vs);
        -:  414:        }
        -:  415:    }
        1:  416:    pos += snprintf(buf + pos, buf_size - pos, "}");
        1:  417:    Value *result = make_str(buf);
        1:  418:    free(buf);
        1:  419:    return result;
        -:  420:}
        -:  421:
        1:  422:Value* builtin_json_raw(Value *arg) {
       1*:  423:    if (!arg || arg->type != VAL_STR) return make_null();
        1:  424:    Value *v = xmalloc(sizeof(Value));
        1:  425:    memset(v, 0, sizeof(Value));
        1:  426:    v->type = VAL_JSON_RAW;
        1:  427:    v->data.str = xstrdup(arg->data.str);
        1:  428:    return v;
        -:  429:}
        -:  430:
        -:  431:/* ================================================================
        -:  432: * GENERIC STRING PRIMITIVES — language-level, no product logic
        -:  433: * ================================================================ */
        -:  434:
       14:  435:Value* builtin_str_lower(Value *arg) {
      14*:  436:    if (!arg || arg->type != VAL_STR) return make_str("");
       14:  437:    char *s = xstrdup(arg->data.str);
       75:  438:    for (int i = 0; s[i]; i++) s[i] = tolower((unsigned char)s[i]);
       14:  439:    Value *r = make_str(s);
       14:  440:    free(s);
       14:  441:    return r;
        -:  442:}
        -:  443:
       10:  444:Value* builtin_contains(Value *arg) {
      10*:  445:    if (!arg || arg->type != VAL_LIST || arg->data.list.count < 2) return make_num(0);
       10:  446:    const char *haystack = "", *needle = "";
       10:  447:    if (arg->data.list.items[0]->type == VAL_STR) haystack = arg->data.list.items[0]->data.str;
       10:  448:    if (arg->data.list.items[1]->type == VAL_STR) needle = arg->data.list.items[1]->data.str;
      10*:  449:    return make_num(strstr(haystack, needle) != NULL ? 1 : 0);
        -:  450:}
        -:  451:
        2:  452:Value* builtin_starts_with(Value *arg) {
       2*:  453:    if (!arg || arg->type != VAL_LIST || arg->data.list.count < 2) return make_num(0);
        2:  454:    const char *str = "", *prefix = "";
        2:  455:    if (arg->data.list.items[0]->type == VAL_STR) str = arg->data.list.items[0]->data.str;
        2:  456:    if (arg->data.list.items[1]->type == VAL_STR) prefix = arg->data.list.items[1]->data.str;
        2:  457:    return make_num(strncmp(str, prefix, strlen(prefix)) == 0 ? 1 : 0);
        -:  458:}
        -:  459:
        2:  460:Value* builtin_split(Value *arg) {
        2:  461:    const char *str = "", *delim = " ";
        2:  462:    if (arg && arg->type == VAL_STR) {
    #####:  463:        str = arg->data.str;
        2:  464:    } else if (arg && arg->type == VAL_LIST && arg->data.list.count >= 1) {
        2:  465:        if (arg->data.list.items[0]->type == VAL_STR) str = arg->data.list.items[0]->data.str;
        2:  466:        if (arg->data.list.count >= 2 && arg->data.list.items[1]->type == VAL_STR)
        2:  467:            delim = arg->data.list.items[1]->data.str;
        -:  468:    }
        2:  469:    Value *list = make_list(0);
        2:  470:    char *copy = xstrdup(str);
        -:  471:    char *saveptr;
        2:  472:    char *token = strtok_r(copy, delim, &saveptr);
        7:  473:    while (token) {
        5:  474:        list_append(list, make_str(token));
        5:  475:        token = strtok_r(NULL, delim, &saveptr);
        -:  476:    }
        2:  477:    free(copy);
        2:  478:    return list;
        -:  479:}
        -:  480:
        1:  481:Value* builtin_trim(Value *arg) {
       1*:  482:    if (!arg || arg->type != VAL_STR) return make_str("");
        1:  483:    const char *s = arg->data.str;
        3:  484:    while (*s && (*s == ' ' || *s == '\t' || *s == '\n' || *s == '\r')) s++;
        1:  485:    int len = strlen(s);
        3:  486:    while (len > 0 && (s[len-1] == ' ' || s[len-1] == '\t' || s[len-1] == '\n' || s[len-1] == '\r')) len--;
        1:  487:    char *r = xmalloc(len + 1);
        1:  488:    memcpy(r, s, len);
        1:  489:    r[len] = '\0';
        1:  490:    Value *result = make_str(r);
        1:  491:    free(r);
        1:  492:    return result;
        -:  493:}
        -:  494:
        2:  495:Value* builtin_str_replace(Value *arg) {
       2*:  496:    if (!arg || arg->type != VAL_LIST || arg->data.list.count < 3) return make_str("");
        2:  497:    const char *str = "", *old_s = "", *new_s = "";
        2:  498:    if (arg->data.list.items[0]->type == VAL_STR) str = arg->data.list.items[0]->data.str;
        2:  499:    if (arg->data.list.items[1]->type == VAL_STR) old_s = arg->data.list.items[1]->data.str;
        2:  500:    if (arg->data.list.items[2]->type == VAL_STR) new_s = arg->data.list.items[2]->data.str;
        2:  501:    int old_len = strlen(old_s), new_len = strlen(new_s), str_len = strlen(str);
       2*:  502:    if (old_len == 0) return make_str(str);
        -:  503:    /* Count occurrences to size buffer */
        2:  504:    int count = 0;
        2:  505:    const char *p = str;
        7:  506:    while ((p = strstr(p, old_s)) != NULL) { count++; p += old_len; }
        2:  507:    int result_len = str_len + count * (new_len - old_len);
        2:  508:    char *result = xmalloc(result_len + 1);
        2:  509:    char *dst = result;
        2:  510:    p = str;
       12:  511:    while (*p) {
       10:  512:        if (strncmp(p, old_s, old_len) == 0) {
        5:  513:            memcpy(dst, new_s, new_len);
        5:  514:            dst += new_len;
        5:  515:            p += old_len;
        -:  516:        } else {
        5:  517:            *dst++ = *p++;
        -:  518:        }
        -:  519:    }
        2:  520:    *dst = '\0';
        2:  521:    Value *r = make_str(result);
        2:  522:    free(result);
        2:  523:    return r;
        -:  524:}
        -:  525:
        -:  526:/* ==== BUILTIN: match — regex match, return list of groups ==== */
        -:  527:/* match of [string, pattern] -> [full_match, group1, ...] or [] */
        3:  528:Value* builtin_match(Value *arg) {
       3*:  529:    if (!arg || arg->type != VAL_LIST || arg->data.list.count < 2) return make_list(0);
        3:  530:    if (arg->data.list.items[0]->type != VAL_STR || arg->data.list.items[1]->type != VAL_STR)
    #####:  531:        return make_list(0);
        3:  532:    const char *str = arg->data.list.items[0]->data.str;
        3:  533:    const char *pattern = arg->data.list.items[1]->data.str;
        -:  534:
        -:  535:    regex_t re;
       3*:  536:    if (regcomp(&re, pattern, REG_EXTENDED) != 0) return make_list(0);
        -:  537:
        -:  538:    regmatch_t matches[16];
        3:  539:    if (regexec(&re, str, 16, matches, 0) != 0) {
        1:  540:        regfree(&re);
        1:  541:        return make_list(0);
        -:  542:    }
        -:  543:
        2:  544:    Value *result = make_list(8);
        8:  545:    for (int i = 0; i < 16 && matches[i].rm_so >= 0; i++) {
        6:  546:        int len = matches[i].rm_eo - matches[i].rm_so;
        6:  547:        char *buf = xmalloc(len + 1);
        6:  548:        memcpy(buf, str + matches[i].rm_so, len);
        6:  549:        buf[len] = '\0';
        6:  550:        list_append(result, make_str(buf));
        6:  551:        free(buf);
        -:  552:    }
        2:  553:    regfree(&re);
        2:  554:    return result;
        -:  555:}
        -:  556:
        -:  557:/* ==== BUILTIN: match_all — find all matches of pattern ==== */
        -:  558:/* match_all of [string, pattern] -> [match1, match2, ...] */
        3:  559:Value* builtin_match_all(Value *arg) {
       3*:  560:    if (!arg || arg->type != VAL_LIST || arg->data.list.count < 2) return make_list(0);
        3:  561:    if (arg->data.list.items[0]->type != VAL_STR || arg->data.list.items[1]->type != VAL_STR)
    #####:  562:        return make_list(0);
        3:  563:    const char *str = arg->data.list.items[0]->data.str;
        3:  564:    const char *pattern = arg->data.list.items[1]->data.str;
        -:  565:
        -:  566:    regex_t re;
       3*:  567:    if (regcomp(&re, pattern, REG_EXTENDED) != 0) return make_list(0);
        -:  568:
        3:  569:    Value *result = make_list(16);
        -:  570:    regmatch_t m[1];
        3:  571:    const char *p = str;
        7:  572:    while (regexec(&re, p, 1, m, 0) == 0) {
        6:  573:        int len = m[0].rm_eo - m[0].rm_so;
        6:  574:        char *buf = xmalloc(len + 1);
        6:  575:        memcpy(buf, p + m[0].rm_so, len);
        6:  576:        buf[len] = '\0';
        6:  577:        list_append(result, make_str(buf));
        6:  578:        free(buf);
        6:  579:        p += m[0].rm_eo;
       6*:  580:        if (len == 0) p++; /* avoid infinite loop on zero-length match */
        6:  581:        if (!*p) break;
        -:  582:    }
        3:  583:    regfree(&re);
        3:  584:    return result;
        -:  585:}
        -:  586:
        -:  587:/* ==== BUILTIN: regex_replace — replace all matches ==== */
        -:  588:/* regex_replace of [string, pattern, replacement] -> string */
        3:  589:Value* builtin_regex_replace(Value *arg) {
       3*:  590:    if (!arg || arg->type != VAL_LIST || arg->data.list.count < 3) return make_str("");
        3:  591:    if (arg->data.list.items[0]->type != VAL_STR ||
        3:  592:        arg->data.list.items[1]->type != VAL_STR ||
        3:  593:        arg->data.list.items[2]->type != VAL_STR)
    #####:  594:        return make_str("");
        3:  595:    const char *str = arg->data.list.items[0]->data.str;
        3:  596:    const char *pattern = arg->data.list.items[1]->data.str;
        3:  597:    const char *replacement = arg->data.list.items[2]->data.str;
        -:  598:
        -:  599:    regex_t re;
       3*:  600:    if (regcomp(&re, pattern, REG_EXTENDED) != 0) return make_str(str);
        -:  601:
        -:  602:    char result[MAX_STR];
        3:  603:    int pos = 0;
        3:  604:    const char *p = str;
        -:  605:    regmatch_t m[1];
        3:  606:    int rep_len = strlen(replacement);
        -:  607:
       12:  608:    while (regexec(&re, p, 1, m, 0) == 0 && pos < MAX_STR - 1) {
        -:  609:        /* Copy text before match */
        6:  610:        int pre_len = m[0].rm_so;
       6*:  611:        if (pos + pre_len >= MAX_STR) pre_len = MAX_STR - pos - 1;
        6:  612:        memcpy(result + pos, p, pre_len);
        6:  613:        pos += pre_len;
        -:  614:        /* Copy replacement */
       6*:  615:        if (pos + rep_len >= MAX_STR) break;
        6:  616:        memcpy(result + pos, replacement, rep_len);
        6:  617:        pos += rep_len;
        6:  618:        p += m[0].rm_eo;
        6:  619:        if (m[0].rm_eo == m[0].rm_so) { /* zero-length match */
    #####:  620:            if (*p) result[pos++] = *p++;
    #####:  621:            else break;
        -:  622:        }
        -:  623:    }
        -:  624:    /* Copy remaining */
        3:  625:    int remain = strlen(p);
       3*:  626:    if (pos + remain >= MAX_STR) remain = MAX_STR - pos - 1;
        3:  627:    memcpy(result + pos, p, remain);
        3:  628:    pos += remain;
        3:  629:    result[pos] = '\0';
        -:  630:
        3:  631:    regfree(&re);
        3:  632:    return make_str(result);
        -:  633:}
        -:  634:
        -:  635:/* ==== BUILTIN: str_upper ==== */
        3:  636:Value* builtin_str_upper(Value *arg) {
       3*:  637:    if (!arg || arg->type != VAL_STR) return make_str("");
        3:  638:    char *s = xstrdup(arg->data.str);
       11:  639:    for (int i = 0; s[i]; i++) s[i] = toupper((unsigned char)s[i]);
        3:  640:    Value *r = make_str(s);
        3:  641:    free(s);
        3:  642:    return r;
        -:  643:}
        -:  644:
        -:  645:/* ==== BUILTIN: char_at ==== */
        -:  646:/* char_at of [string, index] → single character as string, or "" if out of range */
        4:  647:Value* builtin_char_at(Value *arg) {
       4*:  648:    if (!arg || arg->type != VAL_LIST || arg->data.list.count < 2) return make_str("");
        4:  649:    Value *str_val = arg->data.list.items[0];
        4:  650:    Value *idx_val = arg->data.list.items[1];
        4:  651:    if (!str_val || str_val->type != VAL_STR || !idx_val || idx_val->type != VAL_NUM)
    #####:  652:        return make_str("");
        4:  653:    int idx = (int)idx_val->data.num;
        4:  654:    int len = strlen(str_val->data.str);
        4:  655:    if (idx < 0 || idx >= len) return make_str("");
        2:  656:    char buf[2] = { str_val->data.str[idx], '\0' };
        2:  657:    return make_str(buf);
        -:  658:}
        -:  659:
        -:  660:/* ==== BUILTIN: ends_with ==== */
        3:  661:Value* builtin_ends_with(Value *arg) {
       3*:  662:    if (!arg || arg->type != VAL_LIST || arg->data.list.count < 2) return make_num(0);
        3:  663:    const char *str = "", *suffix = "";
        3:  664:    if (arg->data.list.items[0]->type == VAL_STR) str = arg->data.list.items[0]->data.str;
        3:  665:    if (arg->data.list.items[1]->type == VAL_STR) suffix = arg->data.list.items[1]->data.str;
        3:  666:    int slen = strlen(str), xlen = strlen(suffix);
        3:  667:    if (xlen > slen) return make_num(0);
        2:  668:    return make_num(strcmp(str + slen - xlen, suffix) == 0 ? 1 : 0);
        -:  669:}
        -:  670:
        -:  671:/* ==== BUILTIN: substr ==== */
        -:  672:/* substr of [string, start, length] → substring */
        3:  673:Value* builtin_substr(Value *arg) {
       3*:  674:    if (!arg || arg->type != VAL_LIST || arg->data.list.count < 3) return make_str("");
        3:  675:    Value *str_val = arg->data.list.items[0];
        3:  676:    Value *start_val = arg->data.list.items[1];
        3:  677:    Value *len_val = arg->data.list.items[2];
       3*:  678:    if (!str_val || str_val->type != VAL_STR) return make_str("");
       3*:  679:    if (!start_val || start_val->type != VAL_NUM) return make_str("");
       3*:  680:    if (!len_val || len_val->type != VAL_NUM) return make_str("");
        3:  681:    int slen = strlen(str_val->data.str);
        3:  682:    int start = (int)start_val->data.num;
        3:  683:    int rlen = (int)len_val->data.num;
       3*:  684:    if (start < 0) start = 0;
        3:  685:    if (start >= slen) return make_str("");
       2*:  686:    if (rlen < 0) rlen = 0;
       2*:  687:    if (start + rlen > slen) rlen = slen - start;
        2:  688:    char *buf = xmalloc(rlen + 1);
        2:  689:    memcpy(buf, str_val->data.str + start, rlen);
        2:  690:    buf[rlen] = '\0';
        2:  691:    Value *r = make_str(buf);
        2:  692:    free(buf);
        2:  693:    return r;
        -:  694:}
        -:  695:
        -:  696:/* ==== BUILTIN: index_of ==== */
        -:  697:/* index_of of [haystack, needle] → first index, or -1 */
        3:  698:Value* builtin_index_of(Value *arg) {
       3*:  699:    if (!arg || arg->type != VAL_LIST || arg->data.list.count < 2) return make_num(-1);
        3:  700:    const char *haystack = "", *needle = "";
        3:  701:    if (arg->data.list.items[0]->type == VAL_STR) haystack = arg->data.list.items[0]->data.str;
        3:  702:    if (arg->data.list.items[1]->type == VAL_STR) needle = arg->data.list.items[1]->data.str;
        3:  703:    const char *p = strstr(haystack, needle);
        3:  704:    if (!p) return make_num(-1);
        2:  705:    return make_num((double)(p - haystack));
        -:  706:}
        -:  707:
        -:  708:/* ================================================================
        -:  709: * MATH BUILTINS — trig, rounding, abs
        -:  710: * ================================================================ */
        -:  711:
        2:  712:Value* builtin_sin(Value *arg) {
       2*:  713:    if (!arg || arg->type != VAL_NUM) return make_num(0);
        2:  714:    return make_num(sin(arg->data.num));
        -:  715:}
        -:  716:
        3:  717:Value* builtin_cos(Value *arg) {
       3*:  718:    if (!arg || arg->type != VAL_NUM) return make_num(0);
        3:  719:    return make_num(cos(arg->data.num));
        -:  720:}
        -:  721:
        1:  722:Value* builtin_tan(Value *arg) {
       1*:  723:    if (!arg || arg->type != VAL_NUM) return make_num(0);
        1:  724:    return make_num(tan(arg->data.num));
        -:  725:}
        -:  726:
        2:  727:Value* builtin_asin(Value *arg) {
       2*:  728:    if (!arg || arg->type != VAL_NUM) return make_num(0);
        2:  729:    return make_num(asin(arg->data.num));
        -:  730:}
        -:  731:
        1:  732:Value* builtin_acos(Value *arg) {
       1*:  733:    if (!arg || arg->type != VAL_NUM) return make_num(0);
        1:  734:    return make_num(acos(arg->data.num));
        -:  735:}
        -:  736:
        1:  737:Value* builtin_atan(Value *arg) {
       1*:  738:    if (!arg || arg->type != VAL_NUM) return make_num(0);
        1:  739:    return make_num(atan(arg->data.num));
        -:  740:}
        -:  741:
        1:  742:Value* builtin_atan2(Value *arg) {
       1*:  743:    if (!arg || arg->type != VAL_LIST || arg->data.list.count < 2) return make_num(0);
        1:  744:    Value *y = arg->data.list.items[0];
        1:  745:    Value *x = arg->data.list.items[1];
       1*:  746:    if (!y || y->type != VAL_NUM || !x || x->type != VAL_NUM) return make_num(0);
        1:  747:    return make_num(atan2(y->data.num, x->data.num));
        -:  748:}
        -:  749:
        4:  750:Value* builtin_floor(Value *arg) {
       4*:  751:    if (!arg || arg->type != VAL_NUM) return make_num(0);
        4:  752:    return make_num(floor(arg->data.num));
        -:  753:}
        -:  754:
        3:  755:Value* builtin_ceil(Value *arg) {
       3*:  756:    if (!arg || arg->type != VAL_NUM) return make_num(0);
        3:  757:    return make_num(ceil(arg->data.num));
        -:  758:}
        -:  759:
        4:  760:Value* builtin_round(Value *arg) {
       4*:  761:    if (!arg || arg->type != VAL_NUM) return make_num(0);
        4:  762:    return make_num(round(arg->data.num));
        -:  763:}
        -:  764:
        7:  765:Value* builtin_abs(Value *arg) {
       7*:  766:    if (!arg || arg->type != VAL_NUM) return make_num(0);
        7:  767:    return make_num(fabs(arg->data.num));
        -:  768:}
        -:  769:
        3:  770:Value* builtin_min(Value *arg) {
       3*:  771:    if (!arg || arg->type != VAL_LIST || arg->data.list.count < 2) return make_num(0);
        3:  772:    Value *a = arg->data.list.items[0];
        3:  773:    Value *b = arg->data.list.items[1];
       3*:  774:    if (!a || a->type != VAL_NUM || !b || b->type != VAL_NUM) return make_num(0);
        3:  775:    return make_num(a->data.num < b->data.num ? a->data.num : b->data.num);
        -:  776:}
        -:  777:
        3:  778:Value* builtin_max(Value *arg) {
       3*:  779:    if (!arg || arg->type != VAL_LIST || arg->data.list.count < 2) return make_num(0);
        3:  780:    Value *a = arg->data.list.items[0];
        3:  781:    Value *b = arg->data.list.items[1];
       3*:  782:    if (!a || a->type != VAL_NUM || !b || b->type != VAL_NUM) return make_num(0);
        3:  783:    return make_num(a->data.num > b->data.num ? a->data.num : b->data.num);
        -:  784:}
        -:  785:
        2:  786:Value* builtin_pi(Value *arg) {
        -:  787:    (void)arg;
        2:  788:    return make_num(3.14159265358979323846);
        -:  789:}
        -:  790:
        -:  791:/* ================================================================
        -:  792: * SYSTEM BUILTINS — random, args, paths, filesystem
        -:  793: * ================================================================ */
        -:  794:
        -:  795:static int g_random_seeded = 0;
        -:  796:
        4:  797:static void ensure_random_seeded(void) {
        4:  798:    if (!g_random_seeded) {
        -:  799:        struct timespec ts;
        1:  800:        clock_gettime(CLOCK_MONOTONIC, &ts);
        1:  801:        srand48(ts.tv_sec ^ ts.tv_nsec ^ getpid());
        1:  802:        g_random_seeded = 1;
        -:  803:    }
        4:  804:}
        -:  805:
        -:  806:/* random of null → float in [0, 1) */
        3:  807:Value* builtin_random(Value *arg) {
        -:  808:    (void)arg;
        3:  809:    ensure_random_seeded();
        3:  810:    return make_num(drand48());
        -:  811:}
        -:  812:
        -:  813:/* random_int of [lo, hi] → integer in [lo, hi] inclusive */
        1:  814:Value* builtin_random_int(Value *arg) {
        1:  815:    if (!arg || arg->type != VAL_LIST || arg->data.list.count < 2)
    #####:  816:        return make_num(0);
        1:  817:    Value *lo = arg->data.list.items[0];
        1:  818:    Value *hi = arg->data.list.items[1];
        1:  819:    if (!lo || lo->type != VAL_NUM || !hi || hi->type != VAL_NUM)
    #####:  820:        return make_num(0);
        1:  821:    ensure_random_seeded();
        1:  822:    int lo_i = (int)lo->data.num;
        1:  823:    int hi_i = (int)hi->data.num;
       1*:  824:    if (hi_i < lo_i) return make_num(lo_i);
        1:  825:    return make_num(lo_i + (lrand48() % (hi_i - lo_i + 1)));
        -:  826:}
        -:  827:
        -:  828:/* seed_random of n → seeds the RNG, returns 1 */
        2:  829:Value* builtin_seed_random(Value *arg) {
       2*:  830:    if (!arg || arg->type != VAL_NUM) return make_num(0);
        2:  831:    srand48((long)arg->data.num);
        2:  832:    g_random_seeded = 1;
        2:  833:    return make_num(1);
        -:  834:}
        -:  835:
        -:  836:/* ================================================================
        -:  837: * STREAMING BINARY WRITER — write tensor-format data incrementally
        -:  838: * ================================================================
        -:  839: * stream_open of ["path", count]  → opens file, writes header with count, returns 1
        -:  840: * stream_write of value           → writes one float64, returns 1
        -:  841: * stream_close of null            → closes the stream file, returns 1
        -:  842: *
        -:  843: * Format: [uint32 ndim=1][uint32 rows=1][uint32 cols=count][uint32 flags=0]
        -:  844: *         then count × float64 values (written one at a time via stream_write)
        -:  845: */
        -:  846:
        -:  847:static FILE *g_stream_file = NULL;
        -:  848:
        1:  849:Value* builtin_stream_open(Value *arg) {
        1:  850:    if (!arg || arg->type != VAL_LIST || arg->data.list.count < 2)
    #####:  851:        return make_num(0);
        1:  852:    Value *path_val = arg->data.list.items[0];
        1:  853:    Value *count_val = arg->data.list.items[1];
        1:  854:    if (!path_val || path_val->type != VAL_STR || !count_val || count_val->type != VAL_NUM)
    #####:  855:        return make_num(0);
       1*:  856:    if (g_stream_file) { fclose(g_stream_file); g_stream_file = NULL; }
        1:  857:    g_stream_file = fopen(path_val->data.str, "wb");
       1*:  858:    if (!g_stream_file) return make_num(0);
        1:  859:    uint32_t count = (uint32_t)count_val->data.num;
        1:  860:    uint32_t header[4] = { 1, 1, count, 0 }; /* ndim=1, rows=1, cols=count, flags=0 */
        1:  861:    fwrite(header, sizeof(uint32_t), 4, g_stream_file);
        1:  862:    return make_num(1);
        -:  863:}
        -:  864:
        3:  865:Value* builtin_stream_write(Value *arg) {
       3*:  866:    if (!g_stream_file || !arg || arg->type != VAL_NUM) return make_num(0);
        3:  867:    double val = arg->data.num;
        3:  868:    fwrite(&val, sizeof(double), 1, g_stream_file);
        3:  869:    return make_num(1);
        -:  870:}
        -:  871:
        1:  872:Value* builtin_stream_close(Value *arg) {
        -:  873:    (void)arg;
       1*:  874:    if (!g_stream_file) return make_num(0);
        1:  875:    int ok = (fclose(g_stream_file) == 0);
        1:  876:    g_stream_file = NULL;
       1*:  877:    return make_num(ok ? 1 : 0);
        -:  878:}
        -:  879:
        -:  880:/* ---- Command-line arguments ---- */
        -:  881:static int g_argc = 0;
        -:  882:static char **g_argv = NULL;
        -:  883:
       92:  884:void eigenscript_set_args(int argc, char **argv) {
       92:  885:    g_argc = argc;
       92:  886:    g_argv = argv;
       92:  887:}
        -:  888:
        -:  889:/* args of null → list of command-line arguments (after the script name) */
        2:  890:Value* builtin_args(Value *arg) {
        -:  891:    (void)arg;
        2:  892:    Value *list = make_list(g_argc > 2 ? g_argc - 2 : 0);
        -:  893:    /* g_argv[0] = eigenscript, g_argv[1] = script.eigs, g_argv[2..] = user args */
        4:  894:    for (int i = 2; i < g_argc; i++) {
        2:  895:        list_append(list, make_str(g_argv[i]));
        -:  896:    }
        2:  897:    return list;
        -:  898:}
        -:  899:
        -:  900:/* ---- Path manipulation ---- */
        -:  901:
        -:  902:/* path_join of [a, b] → "a/b" */
        3:  903:Value* builtin_path_join(Value *arg) {
        3:  904:    if (!arg || arg->type != VAL_LIST || arg->data.list.count < 2)
    #####:  905:        return make_str("");
        3:  906:    Value *a = arg->data.list.items[0];
        3:  907:    Value *b = arg->data.list.items[1];
        3:  908:    if (!a || a->type != VAL_STR || !b || b->type != VAL_STR)
    #####:  909:        return make_str("");
        3:  910:    int alen = strlen(a->data.str);
        3:  911:    int blen = strlen(b->data.str);
        -:  912:    /* Skip trailing slash on a, skip leading slash on b */
        3:  913:    int strip_a = (alen > 0 && a->data.str[alen-1] == '/') ? 1 : 0;
        3:  914:    int skip_b = (blen > 0 && b->data.str[0] == '/') ? 1 : 0;
        3:  915:    int rlen = (alen - strip_a) + 1 + (blen - skip_b);
        3:  916:    char *buf = xmalloc(rlen + 1);
        3:  917:    memcpy(buf, a->data.str, alen - strip_a);
        3:  918:    buf[alen - strip_a] = '/';
        3:  919:    memcpy(buf + alen - strip_a + 1, b->data.str + skip_b, blen - skip_b);
        3:  920:    buf[rlen] = '\0';
        3:  921:    Value *r = make_str(buf);
        3:  922:    free(buf);
        3:  923:    return r;
        -:  924:}
        -:  925:
        -:  926:/* path_dir of "a/b/c.txt" → "a/b" */
        3:  927:Value* builtin_path_dir(Value *arg) {
       3*:  928:    if (!arg || arg->type != VAL_STR) return make_str("");
        3:  929:    const char *s = arg->data.str;
        3:  930:    const char *last = strrchr(s, '/');
        3:  931:    if (!last) return make_str(".");
        2:  932:    if (last == s) return make_str("/");
        1:  933:    int len = last - s;
        1:  934:    char *buf = xmalloc(len + 1);
        1:  935:    memcpy(buf, s, len);
        1:  936:    buf[len] = '\0';
        1:  937:    Value *r = make_str(buf);
        1:  938:    free(buf);
        1:  939:    return r;
        -:  940:}
        -:  941:
        -:  942:/* path_base of "a/b/c.txt" → "c.txt" */
        2:  943:Value* builtin_path_base(Value *arg) {
       2*:  944:    if (!arg || arg->type != VAL_STR) return make_str("");
        2:  945:    const char *s = arg->data.str;
        2:  946:    const char *last = strrchr(s, '/');
        2:  947:    return make_str(last ? last + 1 : s);
        -:  948:}
        -:  949:
        -:  950:/* path_ext of "a/b/c.txt" → ".txt" */
        3:  951:Value* builtin_path_ext(Value *arg) {
       3*:  952:    if (!arg || arg->type != VAL_STR) return make_str("");
        3:  953:    const char *base = strrchr(arg->data.str, '/');
        3:  954:    const char *s = base ? base + 1 : arg->data.str;
        3:  955:    const char *dot = strrchr(s, '.');
        3:  956:    return make_str(dot ? dot : "");
        -:  957:}
        -:  958:
        -:  959:/* ---- Filesystem ---- */
        -:  960:
        -:  961:/* mkdir of "path" → 1 on success, 0 on failure. Creates parents. */
        1:  962:Value* builtin_mkdir(Value *arg) {
       1*:  963:    if (!arg || arg->type != VAL_STR) return make_num(0);
        -:  964:    /* Simple recursive mkdir */
        1:  965:    char *path = xstrdup(arg->data.str);
        1:  966:    int len = strlen(path);
       24:  967:    for (int i = 1; i <= len; i++) {
       23:  968:        if (path[i] == '/' || path[i] == '\0') {
        2:  969:            char saved = path[i];
        2:  970:            path[i] = '\0';
        2:  971:            mkdir(path, 0755); /* ignore errors on intermediate dirs */
        2:  972:            path[i] = saved;
        -:  973:        }
        -:  974:    }
        1:  975:    free(path);
        -:  976:    struct stat st;
       1*:  977:    return make_num(stat(arg->data.str, &st) == 0 && S_ISDIR(st.st_mode) ? 1 : 0);
        -:  978:}
        -:  979:
        -:  980:/* ls of "path" → list of filenames in directory, or [] on failure.
        -:  981: * Matches `ls -1` default behavior: hidden entries (starting with '.') are excluded. */
        1:  982:Value* builtin_ls(Value *arg) {
       1*:  983:    if (!arg || arg->type != VAL_STR) return make_list(0);
        1:  984:    Value *list = make_list(0);
        1:  985:    DIR *d = opendir(arg->data.str);
       1*:  986:    if (!d) return list;
        -:  987:    struct dirent *entry;
        5:  988:    while ((entry = readdir(d))) {
        4:  989:        if (entry->d_name[0] == '.') continue;
        2:  990:        list_append(list, make_str(entry->d_name));
        -:  991:    }
        1:  992:    closedir(d);
        1:  993:    return list;
        -:  994:}
        -:  995:
        -:  996:/* getcwd of null → current working directory as string */
        3:  997:Value* builtin_getcwd(Value *arg) {
        -:  998:    (void)arg;
        -:  999:    char buf[4096];
        3: 1000:    if (getcwd(buf, sizeof(buf))) return make_str(buf);
    #####: 1001:    return make_str("");
        -: 1002:}
        -: 1003:
        -: 1004:/* chdir of "path" → 1 on success, 0 on failure */
        2: 1005:Value* builtin_chdir(Value *arg) {
       2*: 1006:    if (!arg || arg->type != VAL_STR) return make_num(0);
       2*: 1007:    return make_num(chdir(arg->data.str) == 0 ? 1 : 0);
        -: 1008:}
        -: 1009:
        -: 1010:/* mktemp of null → path to a new temporary file */
        2: 1011:Value* builtin_mktemp(Value *arg) {
        -: 1012:    (void)arg;
        2: 1013:    char tmpl[] = "/tmp/eigen_XXXXXX";
        2: 1014:    int fd = mkstemp(tmpl);
       2*: 1015:    if (fd < 0) return make_str("");
        2: 1016:    close(fd);
        2: 1017:    return make_str(tmpl);
        -: 1018:}
        -: 1019:
        -: 1020:/* free_val of value → frees a heap-allocated Value tree. Returns null.
        -: 1021: * Use this to release large temporary results (e.g. tokenize_with_names output)
        -: 1022: * when the arena is not active. No-op on arena-allocated values. */
        1: 1023:Value* builtin_free_val(Value *arg) {
        1: 1024:    if (arg && !g_arena.active) free_value(arg);
        1: 1025:    return make_null();
        -: 1026:}
        -: 1027:
        -: 1028:/* rm of "path" → 1 on success, 0 on failure */
        4: 1029:Value* builtin_rm(Value *arg) {
       4*: 1030:    if (!arg || arg->type != VAL_STR) return make_num(0);
       4*: 1031:    return make_num(unlink(arg->data.str) == 0 ? 1 : 0);
        -: 1032:}
        -: 1033:
        -: 1034:/* ================================================================
        -: 1035: * BUILTIN: build_corpus — 3-pass corpus builder in C
        -: 1036: * ================================================================
        -: 1037: * build_corpus of [file_list, top_n, stream_path, vocab_path]
        -: 1038: *
        -: 1039: * file_list:    list of strings (paths to .eigs files)
        -: 1040: * top_n:        number of identifier tokens to promote (e.g. 64)
        -: 1041: * stream_path:  output path for binary token stream
        -: 1042: * vocab_path:   output path for identifier vocab JSON
        -: 1043: *
        -: 1044: * Returns: [stream_length, distinct_identifiers, files_found]
        -: 1045: */
        -: 1046:
        -: 1047:/* Identifier frequency entry */
        -: 1048:typedef struct {
        -: 1049:    char *name;
        -: 1050:    int count;
        -: 1051:} IdentEntry;
        -: 1052:
    #####: 1053:Value* builtin_build_corpus(Value *arg) {
    #####: 1054:    if (!arg || arg->type != VAL_LIST || arg->data.list.count < 4)
    #####: 1055:        return make_null();
        -: 1056:
    #####: 1057:    Value *file_list = arg->data.list.items[0];
    #####: 1058:    Value *topn_val = arg->data.list.items[1];
    #####: 1059:    Value *stream_path_val = arg->data.list.items[2];
    #####: 1060:    Value *vocab_path_val = arg->data.list.items[3];
        -: 1061:
    #####: 1062:    if (!file_list || file_list->type != VAL_LIST) return make_null();
    #####: 1063:    if (!topn_val || topn_val->type != VAL_NUM) return make_null();
    #####: 1064:    if (!stream_path_val || stream_path_val->type != VAL_STR) return make_null();
    #####: 1065:    if (!vocab_path_val || vocab_path_val->type != VAL_STR) return make_null();
        -: 1066:
    #####: 1067:    int top_n = (int)topn_val->data.num;
    #####: 1068:    int n_files = file_list->data.list.count;
    #####: 1069:    const int FIRST_IDENT = 54;
    #####: 1070:    const int BASE_VOCAB = 54;
        -: 1071:
        -: 1072:    /* ---- Pass 1: tokenize all files, count identifier frequencies ---- */
    #####: 1073:    IdentEntry *idents = NULL;
    #####: 1074:    int n_idents = 0;
    #####: 1075:    int idents_cap = 0;
        -: 1076:
    #####: 1077:    int *file_tok_counts = xcalloc(n_files, sizeof(int));
    #####: 1078:    int total_tokens = 0;
    #####: 1079:    int files_found = 0;
        -: 1080:
    #####: 1081:    for (int fi = 0; fi < n_files; fi++) {
    #####: 1082:        Value *path_val = file_list->data.list.items[fi];
    #####: 1083:        if (!path_val || path_val->type != VAL_STR) { file_tok_counts[fi] = 0; continue; }
    #####: 1084:        const char *path = path_val->data.str;
        -: 1085:
        -: 1086:        /* Read file */
    #####: 1087:        long fsize = 0;
    #####: 1088:        char *source = read_file_util(path, &fsize);
    #####: 1089:        if (!source) {
    #####: 1090:            fprintf(stderr, "  skip: %s\n", path);
    #####: 1091:            file_tok_counts[fi] = 0;
    #####: 1092:            continue;
        -: 1093:        }
        -: 1094:
        -: 1095:        /* Tokenize */
    #####: 1096:        TokenList tl = tokenize(source);
    #####: 1097:        file_tok_counts[fi] = tl.count;
    #####: 1098:        total_tokens += tl.count;
    #####: 1099:        files_found++;
        -: 1100:
        -: 1101:        /* Count identifiers */
    #####: 1102:        for (int i = 0; i < tl.count; i++) {
    #####: 1103:            if (tl.tokens[i].type == TOK_IDENT && tl.tokens[i].str_val && tl.tokens[i].str_val[0]) {
    #####: 1104:                const char *name = tl.tokens[i].str_val;
        -: 1105:                /* Linear scan for existing entry */
    #####: 1106:                int found = -1;
    #####: 1107:                for (int j = 0; j < n_idents; j++) {
    #####: 1108:                    if (strcmp(idents[j].name, name) == 0) { found = j; break; }
        -: 1109:                }
    #####: 1110:                if (found >= 0) {
    #####: 1111:                    idents[found].count++;
        -: 1112:                } else {
    #####: 1113:                    if (n_idents >= idents_cap) {
    #####: 1114:                        idents_cap = idents_cap < 256 ? 256 : idents_cap * 2;
    #####: 1115:                        idents = xrealloc(idents, idents_cap * sizeof(IdentEntry));
        -: 1116:                    }
    #####: 1117:                    idents[n_idents].name = xstrdup(name);
    #####: 1118:                    idents[n_idents].count = 1;
    #####: 1119:                    n_idents++;
        -: 1120:                }
        -: 1121:            }
        -: 1122:        }
        -: 1123:
    #####: 1124:        fprintf(stderr, "  %s: %d tokens\n", path, tl.count);
    #####: 1125:        free_tokenlist(&tl);
    #####: 1126:        free(source);
        -: 1127:    }
        -: 1128:
    #####: 1129:    fprintf(stderr, "\nFiles: %d/%d\n", files_found, n_files);
    #####: 1130:    fprintf(stderr, "Distinct identifiers: %d\n", n_idents);
        -: 1131:
        -: 1132:    /* ---- Pass 2: pick top-N identifiers ---- */
    #####: 1133:    int actual_top = top_n < n_idents ? top_n : n_idents;
    #####: 1134:    if (actual_top <= 0) actual_top = 0;
    #####: 1135:    char **top_names = xcalloc(actual_top > 0 ? actual_top : 1, sizeof(char*));
    #####: 1136:    int *top_ids = xcalloc(actual_top > 0 ? actual_top : 1, sizeof(int));
        -: 1137:
        -: 1138:    /* Work on a copy of counts */
    #####: 1139:    int *work_counts = xmalloc(n_idents * sizeof(int));
    #####: 1140:    for (int i = 0; i < n_idents; i++) work_counts[i] = idents[i].count;
        -: 1141:
    #####: 1142:    for (int t = 0; t < actual_top; t++) {
    #####: 1143:        int best_idx = -1, best_val = -1;
    #####: 1144:        for (int j = 0; j < n_idents; j++) {
    #####: 1145:            if (work_counts[j] > best_val) { best_val = work_counts[j]; best_idx = j; }
        -: 1146:        }
    #####: 1147:        if (best_idx < 0) break;
    #####: 1148:        top_names[t] = idents[best_idx].name;
    #####: 1149:        top_ids[t] = FIRST_IDENT + t;
    #####: 1150:        work_counts[best_idx] = -1;
        -: 1151:    }
    #####: 1152:    free(work_counts);
        -: 1153:
    #####: 1154:    fprintf(stderr, "\nTop %d identifiers:\n", actual_top);
    #####: 1155:    for (int i = 0; i < 10 && i < actual_top; i++) {
    #####: 1156:        fprintf(stderr, "  %3d  %-20s  %d uses\n", top_ids[i], top_names[i],
    #####: 1157:                idents[top_ids[i] - FIRST_IDENT].count);
        -: 1158:    }
        -: 1159:
        -: 1160:    /* ---- Pass 3: re-tokenize and write binary stream ---- */
    #####: 1161:    int stream_size = total_tokens + files_found * 2; /* +2 EOF per file */
        -: 1162:
    #####: 1163:    FILE *stream_file = fopen(stream_path_val->data.str, "wb");
    #####: 1164:    if (!stream_file) {
    #####: 1165:        fprintf(stderr, "Error: cannot open %s\n", stream_path_val->data.str);
    #####: 1166:        free(file_tok_counts); free(top_names); free(top_ids);
    #####: 1167:        for (int i = 0; i < n_idents; i++) free(idents[i].name);
    #####: 1168:        free(idents);
    #####: 1169:        return make_null();
        -: 1170:    }
        -: 1171:
        -: 1172:    /* Write header: ndim=1, rows=1, cols=stream_size, flags=0 */
    #####: 1173:    uint32_t header[4] = { 1, 1, (uint32_t)stream_size, 0 };
    #####: 1174:    fwrite(header, sizeof(uint32_t), 4, stream_file);
    #####: 1175:    int stream_pos = 0;
        -: 1176:
    #####: 1177:    for (int fi = 0; fi < n_files; fi++) {
    #####: 1178:        if (file_tok_counts[fi] <= 0) continue;
        -: 1179:
    #####: 1180:        Value *path_val = file_list->data.list.items[fi];
    #####: 1181:        long fsize = 0;
    #####: 1182:        char *source = read_file_util(path_val->data.str, &fsize);
    #####: 1183:        if (!source) continue;
        -: 1184:
        -: 1185:        /* Write double-EOF separator */
    #####: 1186:        double eof_val = (double)TOK_EOF;
    #####: 1187:        fwrite(&eof_val, sizeof(double), 1, stream_file);
    #####: 1188:        fwrite(&eof_val, sizeof(double), 1, stream_file);
    #####: 1189:        stream_pos += 2;
        -: 1190:
    #####: 1191:        TokenList tl = tokenize(source);
        -: 1192:
    #####: 1193:        for (int i = 0; i < tl.count; i++) {
    #####: 1194:            int tid = tl.tokens[i].type;
        -: 1195:            /* Replace known identifiers with extended IDs */
    #####: 1196:            if (tid == TOK_IDENT && tl.tokens[i].str_val && tl.tokens[i].str_val[0]) {
    #####: 1197:                for (int j = 0; j < actual_top; j++) {
    #####: 1198:                    if (strcmp(top_names[j], tl.tokens[i].str_val) == 0) {
    #####: 1199:                        tid = top_ids[j];
    #####: 1200:                        break;
        -: 1201:                    }
        -: 1202:                }
        -: 1203:            }
    #####: 1204:            double d = (double)tid;
    #####: 1205:            fwrite(&d, sizeof(double), 1, stream_file);
    #####: 1206:            stream_pos++;
        -: 1207:        }
        -: 1208:
    #####: 1209:        free_tokenlist(&tl);
    #####: 1210:        free(source);
        -: 1211:    }
        -: 1212:
    #####: 1213:    fclose(stream_file);
    #####: 1214:    fprintf(stderr, "\nWritten: %s (%d tokens)\n", stream_path_val->data.str, stream_pos);
        -: 1215:
        -: 1216:    /* ---- Write identifier vocab JSON ---- */
    #####: 1217:    FILE *vocab_file = fopen(vocab_path_val->data.str, "w");
    #####: 1218:    if (vocab_file) {
    #####: 1219:        fprintf(vocab_file, "{\"first_ident_id\": %d, \"ext_vocab_size\": %d, \"top_n\": %d, \"names\": [",
        -: 1220:                FIRST_IDENT, BASE_VOCAB + top_n, top_n);
    #####: 1221:        for (int i = 0; i < actual_top; i++) {
    #####: 1222:            if (i > 0) fprintf(vocab_file, ", ");
    #####: 1223:            fprintf(vocab_file, "\"%s\"", top_names[i]);
        -: 1224:        }
    #####: 1225:        fprintf(vocab_file, "]}");
    #####: 1226:        fclose(vocab_file);
    #####: 1227:        fprintf(stderr, "Written: %s\n", vocab_path_val->data.str);
        -: 1228:    }
        -: 1229:
        -: 1230:    /* ---- Cleanup ---- */
    #####: 1231:    free(file_tok_counts);
    #####: 1232:    free(top_names);
    #####: 1233:    free(top_ids);
    #####: 1234:    for (int i = 0; i < n_idents; i++) free(idents[i].name);
    #####: 1235:    free(idents);
        -: 1236:
        -: 1237:    /* Return [stream_length, distinct_identifiers, files_found] */
    #####: 1238:    Value *result = make_list(3);
    #####: 1239:    list_append(result, make_num(stream_pos));
    #####: 1240:    list_append(result, make_num(n_idents));
    #####: 1241:    list_append(result, make_num(files_found));
    #####: 1242:    return result;
        -: 1243:}
        -: 1244:
        -: 1245:/* ================================================================
        -: 1246: * GENERIC HTTP CLIENT — language-level, no product logic
        -: 1247: * ================================================================ */
        -: 1248:
        -: 1249:
        -: 1250:/* ================================================================
        -: 1251: * JSON PATH — dot-notation extraction from nested JSON
        -: 1252: * ================================================================ */
        -: 1253:
        -: 1254:/* json_obj_get: needed by json_path, defined here if model extension is disabled */
        -: 1255:#if !(EIGENSCRIPT_EXT_MODEL)
        4: 1256:static Value* json_obj_get(Value *obj, const char *key) {
       4*: 1257:    if (!obj || obj->type != VAL_LIST) return NULL;
       10: 1258:    for (int i = 0; i + 1 < obj->data.list.count; i += 2) {
       10: 1259:        Value *k = obj->data.list.items[i];
       10: 1260:        if (k && k->type == VAL_STR && strcmp(k->data.str, key) == 0)
        4: 1261:            return obj->data.list.items[i + 1];
        -: 1262:    }
    #####: 1263:    return NULL;
        -: 1264:}
        -: 1265:#endif
        -: 1266:
        4: 1267:Value* builtin_json_path(Value *arg) {
        -: 1268:    /* json_path of [json_string, "dot.path"] -> value as string, or "" */
       4*: 1269:    if (!arg || arg->type != VAL_LIST || arg->data.list.count < 2) return make_str("");
        4: 1270:    const char *json_str = "", *path = "";
        4: 1271:    if (arg->data.list.items[0]->type == VAL_STR) json_str = arg->data.list.items[0]->data.str;
        4: 1272:    if (arg->data.list.items[1]->type == VAL_STR) path = arg->data.list.items[1]->data.str;
        -: 1273:
        4: 1274:    int pos = 0;
        4: 1275:    Value *current = eigs_json_parse_value(json_str, &pos);
       4*: 1276:    if (!current) return make_str("");
        -: 1277:
        -: 1278:    char path_copy[1024];
        4: 1279:    strncpy(path_copy, path, sizeof(path_copy) - 1);
        4: 1280:    path_copy[sizeof(path_copy) - 1] = '\0';
        -: 1281:    char *saveptr;
        4: 1282:    char *segment = strtok_r(path_copy, ".", &saveptr);
        -: 1283:
        8: 1284:    while (segment && current) {
        4: 1285:        if (current->type == VAL_LIST) {
        -: 1286:            /* Could be an object (key-value pairs) or array */
        -: 1287:            /* Try numeric index first */
        -: 1288:            char *endp;
        4: 1289:            long idx = strtol(segment, &endp, 10);
        4: 1290:            if (*endp == '\0') {
        -: 1291:                /* Numeric: treat as array index */
        -: 1292:                /* Arrays from json_decode are VAL_LIST with sequential elements */
    #####: 1293:                if (idx >= 0 && idx < current->data.list.count) {
    #####: 1294:                    current = current->data.list.items[idx];
        -: 1295:                } else {
    #####: 1296:                    return make_str("");
        -: 1297:                }
        -: 1298:            } else {
        -: 1299:                /* String key: treat as object lookup */
        4: 1300:                current = json_obj_get(current, segment);
       4*: 1301:                if (!current) return make_str("");
        -: 1302:            }
        -: 1303:        } else {
    #####: 1304:            return make_str("");
        -: 1305:        }
        4: 1306:        segment = strtok_r(NULL, ".", &saveptr);
        -: 1307:    }
        -: 1308:
       4*: 1309:    if (!current) return make_str("");
        4: 1310:    if (current->type == VAL_STR) return make_str(current->data.str);
    #####: 1311:    if (current->type == VAL_NUM) {
        -: 1312:        char buf[64];
    #####: 1313:        double d = current->data.num;
    #####: 1314:        if (d == (double)(int)d && fabs(d) < 1e9)
    #####: 1315:            snprintf(buf, sizeof(buf), "%d", (int)d);
        -: 1316:        else
    #####: 1317:            snprintf(buf, sizeof(buf), "%.6f", d);
    #####: 1318:        return make_str(buf);
        -: 1319:    }
    #####: 1320:    if (current->type == VAL_NULL) return make_str("");
        -: 1321:    /* For complex types, json_encode them */
    #####: 1322:    char *encoded = xmalloc(MAX_STR);
    #####: 1323:    int epos = 0;
    #####: 1324:    eigs_json_encode_value(current, encoded, &epos, MAX_STR - 1);
    #####: 1325:    encoded[epos] = '\0';
    #####: 1326:    Value *r = make_str(encoded);
    #####: 1327:    free(encoded);
    #####: 1328:    return r;
        -: 1329:}
        -: 1330:
        -: 1331:
        -: 1332:/* ================================================================
        -: 1333: * LOAD_FILE — include mechanism for .eigs modules
        -: 1334: * ================================================================ */
        -: 1335:
        -: 1336:/* File I/O helper — used by load_file and main() */
      148: 1337:char* read_file_util(const char *path, long *out_size) {
      148: 1338:    FILE *f = fopen(path, "rb");
      148: 1339:    if (!f) return NULL;
      115: 1340:    fseek(f, 0, SEEK_END);
      115: 1341:    long size = ftell(f);
      115: 1342:    fseek(f, 0, SEEK_SET);
      115: 1343:    char *buf = xmalloc(size + 1);
     115*: 1344:    if (!buf) { fclose(f); return NULL; }
      115: 1345:    size_t got = fread(buf, 1, size, f);
      115: 1346:    fclose(f);
     115*: 1347:    if ((long)got != size) { free(buf); return NULL; }
      115: 1348:    buf[size] = '\0';
      115: 1349:    if (out_size) *out_size = size;
      115: 1350:    return buf;
        -: 1351:}
        -: 1352:
       24: 1353:Value* builtin_load_file(Value *arg) {
       24: 1354:    if (!arg || arg->type != VAL_STR) {
    #####: 1355:        fprintf(stderr, "load_file: requires a string path argument\n");
    #####: 1356:        return make_null();
        -: 1357:    }
       24: 1358:    const char *path = arg->data.str;
       24: 1359:    long size = 0;
       24: 1360:    char *source = read_file_util(path, &size);
        -: 1361:
        -: 1362:    /* Fallback: try relative to script directory, then its parent */
        -: 1363:    char resolved[8192];
       24: 1364:    if (!source && path[0] != '/') {
       16: 1365:        snprintf(resolved, sizeof(resolved), "%.4000s/%.4000s", g_script_dir, path);
       16: 1366:        source = read_file_util(resolved, &size);
      16*: 1367:        if (source) path = resolved;
        -: 1368:    }
       24: 1369:    if (!source && path[0] != '/') {
       16: 1370:        snprintf(resolved, sizeof(resolved), "%.4000s/../%.4000s", g_script_dir, path);
       16: 1371:        source = read_file_util(resolved, &size);
       16: 1372:        if (source) path = resolved;
        -: 1373:    }
        -: 1374:
       24: 1375:    if (!source) {
    #####: 1376:        fprintf(stderr, "load_file: cannot read '%s'\n", arg->data.str);
    #####: 1377:        return make_null();
        -: 1378:    }
       24: 1379:    fprintf(stderr, "[load_file] Loading %s (%ld bytes)\n", path, size);
       24: 1380:    TokenList tl = tokenize(source);
       24: 1381:    ASTNode *ast = parse(&tl);
       24: 1382:    Value *result = eval_node(ast, g_global_env);
       24: 1383:    free(source);
       24: 1384:    free_tokenlist(&tl);
      24*: 1385:    return result ? result : make_null();
        -: 1386:}
        -: 1387:
        -: 1388:/* ================================================================
        -: 1389: * THIN BUILTINS — individual capabilities for .eigs orchestration
        -: 1390: * ================================================================ */
        -: 1391:
        -: 1392:
        -: 1393:/* ================================================================
        -: 1394: * CORE PLATFORM BUILTINS (always available)
        -: 1395: * ================================================================ */
        -: 1396:
        3: 1397:Value* builtin_file_exists(Value *arg) {
       3*: 1398:    if (!arg || arg->type != VAL_STR) return make_num(0);
        3: 1399:    FILE *f = fopen(arg->data.str, "r");
        3: 1400:    if (f) { fclose(f); return make_num(1); }
        1: 1401:    return make_num(0);
        -: 1402:}
        -: 1403:
        2: 1404:Value* builtin_env_get(Value *arg) {
       2*: 1405:    if (!arg || arg->type != VAL_STR) return make_str("");
        2: 1406:    const char *val = getenv(arg->data.str);
        2: 1407:    return make_str(val ? val : "");
        -: 1408:}
        -: 1409:
        -: 1410:/* ==== BUILTIN: read_text ==== */
        -: 1411:/* read_text of "path" → file contents as string, or "" on failure. */
        5: 1412:Value* builtin_read_text(Value *arg) {
        5: 1413:    if (!arg || arg->type != VAL_STR) return make_str("");
        4: 1414:    FILE *f = fopen(arg->data.str, "r");
        4: 1415:    if (!f) return make_str("");
        3: 1416:    fseek(f, 0, SEEK_END);
        3: 1417:    long len = ftell(f);
        3: 1418:    fseek(f, 0, SEEK_SET);
        3: 1419:    if (len < 0 || len > 10 * 1024 * 1024) { /* 10 MB cap */
    #####: 1420:        fclose(f);
    #####: 1421:        return make_str("");
        -: 1422:    }
        3: 1423:    char *buf = xmalloc(len + 1);
       3*: 1424:    if (!buf) { fclose(f); return make_str(""); }
        3: 1425:    size_t read = fread(buf, 1, len, f);
        3: 1426:    fclose(f);
        3: 1427:    buf[read] = '\0';
        3: 1428:    Value *result = make_str(buf);
        3: 1429:    free(buf);
        3: 1430:    return result;
        -: 1431:}
        -: 1432:
        -: 1433:/* ==== BUILTIN: write_text ==== */
        -: 1434:/* write_text of ["path", text] → 1 on success, 0 on failure. */
        7: 1435:Value* builtin_write_text(Value *arg) {
        7: 1436:    if (!arg || arg->type != VAL_LIST || arg->data.list.count < 2)
        1: 1437:        return make_num(0);
        6: 1438:    Value *path_val = arg->data.list.items[0];
        6: 1439:    Value *text_val = arg->data.list.items[1];
        6: 1440:    if (!path_val || path_val->type != VAL_STR ||
        5: 1441:        !text_val || text_val->type != VAL_STR)
        2: 1442:        return make_num(0);
        4: 1443:    FILE *f = fopen(path_val->data.str, "w");
       4*: 1444:    if (!f) return make_num(0);
        4: 1445:    size_t len = strlen(text_val->data.str);
        4: 1446:    size_t written = fwrite(text_val->data.str, 1, len, f);
        4: 1447:    int close_ok = (fclose(f) == 0);
       4*: 1448:    return make_num(written == len && close_ok ? 1 : 0);
        -: 1449:}
        -: 1450:
        -: 1451:/* ==== BUILTIN: exec_capture ==== */
        -: 1452:/* exec_capture of ["cmd", "arg1", ...]               → [exit_code, stdout_text]
        -: 1453: * exec_capture of [["cmd", "arg1", ...], timeout_sec] → same, with timeout
        -: 1454: *
        -: 1455: * Runs a subprocess with fork/exec, captures stdout. No shell.
        -: 1456: * Child stdin is /dev/null. 10 MB output cap.
        -: 1457: *
        -: 1458: * Timeout form: pass a 2-element list where the first element is the
        -: 1459: * command list and the second is the timeout in seconds.
        -: 1460: * On timeout the child is killed and the return is [-2, partial_stdout].
        -: 1461: *
        -: 1462: * Always returns a 2-item list. Returns [-1, ""] on failure. */
        -: 1463:
        8: 1464:static Value* exec_capture_result(int code, const char *text) {
        8: 1465:    Value *result = make_list(2);
        8: 1466:    result->data.list.items[0] = make_num(code);
        8: 1467:    result->data.list.items[1] = make_str(text);
        8: 1468:    result->data.list.count = 2;
        8: 1469:    return result;
        -: 1470:}
        -: 1471:
        8: 1472:Value* builtin_exec_capture(Value *arg) {
        8: 1473:    if (!arg || arg->type != VAL_LIST || arg->data.list.count < 1)
        1: 1474:        return exec_capture_result(-1, "");
        -: 1475:
        -: 1476:    /* Detect timeout form: [["cmd", ...], timeout_num] */
        7: 1477:    double timeout_sec = -1;
        7: 1478:    Value *cmd_list = arg;
        7: 1479:    if (arg->data.list.count == 2
        6: 1480:        && arg->data.list.items[0] && arg->data.list.items[0]->type == VAL_LIST
        2: 1481:        && arg->data.list.items[1] && arg->data.list.items[1]->type == VAL_NUM) {
        2: 1482:        cmd_list = arg->data.list.items[0];
        2: 1483:        timeout_sec = arg->data.list.items[1]->data.num;
        2: 1484:        if (cmd_list->data.list.count < 1)
    #####: 1485:            return exec_capture_result(-1, "");
        -: 1486:    }
        -: 1487:
        7: 1488:    int total = cmd_list->data.list.count;
        -: 1489:
        -: 1490:    /* Build argv array */
        7: 1491:    char **argv = xmalloc((total + 1) * sizeof(char*));
       7*: 1492:    if (!argv) return exec_capture_result(-1, "");
       19: 1493:    for (int i = 0; i < total; i++) {
       13: 1494:        Value *v = cmd_list->data.list.items[i];
       13: 1495:        if (!v || v->type != VAL_STR) {
        1: 1496:            free(argv);
        1: 1497:            return exec_capture_result(-1, "");
        -: 1498:        }
       12: 1499:        argv[i] = v->data.str;
        -: 1500:    }
        6: 1501:    argv[total] = NULL;
        -: 1502:
        -: 1503:    /* Create pipe for stdout capture */
        -: 1504:    int pipefd[2];
       6*: 1505:    if (pipe(pipefd) != 0) { free(argv); return exec_capture_result(-1, ""); }
        -: 1506:
        6: 1507:    pid_t pid = fork();
       12: 1508:    if (pid < 0) {
    #####: 1509:        close(pipefd[0]); close(pipefd[1]);
    #####: 1510:        free(argv);
    #####: 1511:        return exec_capture_result(-1, "");
        -: 1512:    }
        -: 1513:
       12: 1514:    if (pid == 0) {
        -: 1515:        /* Child: redirect stdout to pipe, stdin to /dev/null */
        6: 1516:        close(pipefd[0]);
        6: 1517:        dup2(pipefd[1], STDOUT_FILENO);
        6: 1518:        close(pipefd[1]);
        6: 1519:        int devnull = open("/dev/null", O_RDONLY);
        6: 1520:        if (devnull >= 0) { dup2(devnull, STDIN_FILENO); close(devnull); }
        6: 1521:        execvp(argv[0], argv);
        6: 1522:        _exit(127); /* exec failed */
        -: 1523:    }
        -: 1524:
        -: 1525:    /* Parent: read from pipe, close write end */
        6: 1526:    close(pipefd[1]);
        6: 1527:    free(argv);
        -: 1528:
        -: 1529:    /* Compute deadline */
        -: 1530:    struct timespec deadline;
        6: 1531:    int has_timeout = (timeout_sec >= 0);
        6: 1532:    if (has_timeout) {
        2: 1533:        clock_gettime(CLOCK_MONOTONIC, &deadline);
        2: 1534:        deadline.tv_sec += (time_t)timeout_sec;
        2: 1535:        deadline.tv_nsec += (long)((timeout_sec - (time_t)timeout_sec) * 1e9);
        2: 1536:        if (deadline.tv_nsec >= 1000000000L) {
    #####: 1537:            deadline.tv_sec++;
    #####: 1538:            deadline.tv_nsec -= 1000000000L;
        -: 1539:        }
        -: 1540:    }
        -: 1541:
        6: 1542:    size_t cap = 4096, len = 0;
        6: 1543:    char *buf = xmalloc(cap + 1);
        6: 1544:    if (!buf) {
    #####: 1545:        close(pipefd[0]);
    #####: 1546:        kill(pid, SIGKILL);
    #####: 1547:        waitpid(pid, NULL, 0);
    #####: 1548:        return exec_capture_result(-1, "");
        -: 1549:    }
        -: 1550:
        6: 1551:    int timed_out = 0;
        -: 1552:
        -: 1553:    /* Read loop with optional timeout via poll() */
        2: 1554:    for (;;) {
        8: 1555:        int poll_ms = -1; /* infinite */
        8: 1556:        if (has_timeout) {
        -: 1557:            struct timespec now;
[...]
        -: 2785:    }
        -: 2786:
        1: 2787:    fclose(f);
        -: 2788:
        -: 2789:    /* Build tensor */
        -: 2790:    Value *result;
        1: 2791:    if (ndim == 1)
        1: 2792:        result = flat_to_tensor_1d(data, cols);
        -: 2793:    else
    #####: 2794:        result = flat_to_tensor_2d(data, rows, cols);
        1: 2795:    free(data);
        -: 2796:
        -: 2797:    /* Restore observer state */
        1: 2798:    if (obs_data && result) {
        1: 2799:        if (ndim == 1)
        1: 2800:            restore_observer_1d(result, obs_data, total);
        -: 2801:        else
    #####: 2802:            restore_observer_2d(result, obs_data, rows, cols);
        1: 2803:        free(obs_data);
        -: 2804:    }
        -: 2805:
        1: 2806:    return result;
        -: 2807:}
        -: 2808:
        -: 2809:/* ==== BUILTIN: copy_into ==== */
        -: 2810:/* copy_into of [dest, dest_offset, src]
        -: 2811: * Copies elements from src into dest starting at dest_offset.
        -: 2812: * Both must be 1D lists. Mutates dest in-place, returns dest. */
        1: 2813:Value* builtin_copy_into(Value *arg) {
       1*: 2814:    if (!arg || arg->type != VAL_LIST || arg->data.list.count < 3) return make_null();
        1: 2815:    Value *dest = arg->data.list.items[0];
       1*: 2816:    int offset = (arg->data.list.items[1]->type == VAL_NUM) ? (int)arg->data.list.items[1]->data.num : 0;
        1: 2817:    Value *src = arg->data.list.items[2];
       1*: 2818:    if (!dest || dest->type != VAL_LIST || !src || src->type != VAL_LIST) return make_null();
        4: 2819:    for (int i = 0; i < src->data.list.count && offset + i < dest->data.list.count; i++)
        3: 2820:        dest->data.list.items[offset + i] = src->data.list.items[i];
        1: 2821:    return dest;
        -: 2822:}
        -: 2823:
        -: 2824:/* ==== BUILTIN: num_copy ==== */
        -: 2825:/* num_copy of val → fresh heap-allocated copy of a numeric Value.
        -: 2826: * Use to extract a scalar from arena before arena_reset. */
        3: 2827:Value* builtin_num_copy(Value *arg) {
       3*: 2828:    if (!arg || arg->type != VAL_NUM) return make_null();
        3: 2829:    return make_num_permanent(arg->data.num);
        -: 2830:}
        -: 2831:
        -: 2832:/* ==== BUILTIN: concat ==== */
        -: 2833:/* concat of [list_a, list_b] → new 1D list with a's elements then b's */
        1: 2834:Value* builtin_concat(Value *arg) {
       1*: 2835:    if (!arg || arg->type != VAL_LIST || arg->data.list.count < 2) return make_null();
        1: 2836:    Value *a = arg->data.list.items[0];
        1: 2837:    Value *b = arg->data.list.items[1];
       1*: 2838:    if (!a || a->type != VAL_LIST || !b || b->type != VAL_LIST) return make_null();
        1: 2839:    int total = a->data.list.count + b->data.list.count;
        1: 2840:    Value *result = make_list(total);
        3: 2841:    for (int i = 0; i < a->data.list.count; i++)
        2: 2842:        list_append(result, a->data.list.items[i]);
        3: 2843:    for (int i = 0; i < b->data.list.count; i++)
        2: 2844:        list_append(result, b->data.list.items[i]);
        1: 2845:    return result;
        -: 2846:}
        -: 2847:
        -: 2848:/* ==== BUILTIN: range ==== */
        -: 2849:/* range of n → [0, 1, ..., n-1]
        -: 2850: * range of [start, end] → [start, start+1, ..., end-1]
        -: 2851: * range of [start, end, step] → [start, start+step, ...] while < end (or > end if step < 0) */
      655: 2852:Value* builtin_range(Value *arg) {
      655: 2853:    int start = 0, end = 0, step = 1;
        -: 2854:
     655*: 2855:    if (!arg) return make_list(0);
        -: 2856:
      655: 2857:    if (arg->type == VAL_NUM) {
        -: 2858:        /* range of n */
      641: 2859:        end = (int)arg->data.num;
       14: 2860:    } else if (arg->type == VAL_LIST) {
       14: 2861:        int argc = arg->data.list.count;
       14: 2862:        if (argc >= 1 && arg->data.list.items[0]->type == VAL_NUM)
       14: 2863:            start = (int)arg->data.list.items[0]->data.num;
       14: 2864:        if (argc >= 2 && arg->data.list.items[1]->type == VAL_NUM)
       14: 2865:            end = (int)arg->data.list.items[1]->data.num;
        -: 2866:        else
    #####: 2867:            { end = start; start = 0; } /* single-element list: treat as range of n */
      14*: 2868:        if (argc >= 3 && arg->data.list.items[2]->type == VAL_NUM) {
    #####: 2869:            step = (int)arg->data.list.items[2]->data.num;
    #####: 2870:            if (step == 0) step = 1;
        -: 2871:        }
        -: 2872:    } else {
    #####: 2873:        return make_list(0);
        -: 2874:    }
        -: 2875:
        -: 2876:    /* Cap at 1M elements to prevent accidental OOM */
     1310: 2877:    int count = (step > 0) ? ((end - start + step - 1) / step)
     655*: 2878:                           : ((start - end - step - 1) / (-step));
     655*: 2879:    if (count < 0) count = 0;
     655*: 2880:    if (count > 1000000) count = 1000000;
        -: 2881:
      655: 2882:    Value *result = make_list(count);
      655: 2883:    if (step > 0) {
     5701: 2884:        for (int i = start; i < end; i += step)
     5046: 2885:            list_append(result, make_num((double)i));
        -: 2886:    } else {
    #####: 2887:        for (int i = start; i > end; i += step)
    #####: 2888:            list_append(result, make_num((double)i));
        -: 2889:    }
      655: 2890:    return result;
        -: 2891:}
        -: 2892:
        -: 2893:/* ==== BUILTIN: set_at — mutate a list element in place ==== */
        -: 2894:/* set_at of [list, index, value] — sets list[index] = value, returns list */
        -: 2895:/* set_at of [list, row, col, value] — sets list[row][col] = value for 2D */
     3722: 2896:Value* builtin_set_at(Value *arg) {
    3722*: 2897:    if (!arg || arg->type != VAL_LIST) return make_null();
     3722: 2898:    int argc = arg->data.list.count;
     3722: 2899:    if (argc == 3) {
        -: 2900:        /* 1D: set_at of [list, index, value] */
     3721: 2901:        Value *list = arg->data.list.items[0];
    3721*: 2902:        int idx = (arg->data.list.items[1]->type == VAL_NUM) ? (int)arg->data.list.items[1]->data.num : 0;
     3721: 2903:        Value *val = arg->data.list.items[2];
     3721: 2904:        if (list->type == VAL_LIST && idx >= 0 && idx < list->data.list.count)
     3721: 2905:            list->data.list.items[idx] = val;
     3721: 2906:        return list;
        -: 2907:    }
        1: 2908:    if (argc == 4) {
        -: 2909:        /* 2D: set_at of [list, row, col, value] */
        1: 2910:        Value *list = arg->data.list.items[0];
       1*: 2911:        int row = (arg->data.list.items[1]->type == VAL_NUM) ? (int)arg->data.list.items[1]->data.num : 0;
       1*: 2912:        int col = (arg->data.list.items[2]->type == VAL_NUM) ? (int)arg->data.list.items[2]->data.num : 0;
        1: 2913:        Value *val = arg->data.list.items[3];
        1: 2914:        if (list->type == VAL_LIST && row >= 0 && row < list->data.list.count) {
        1: 2915:            Value *rowv = list->data.list.items[row];
        1: 2916:            if (rowv->type == VAL_LIST && col >= 0 && col < rowv->data.list.count)
        1: 2917:                rowv->data.list.items[col] = val;
        -: 2918:        }
        1: 2919:        return list;
        -: 2920:    }
    #####: 2921:    return make_null();
        -: 2922:}
        -: 2923:
        -: 2924:/* ==== BUILTIN: get_at — read a list element ==== */
        -: 2925:/* get_at of [list, index] or get_at of [list, row, col] */
        6: 2926:Value* builtin_get_at(Value *arg) {
       6*: 2927:    if (!arg || arg->type != VAL_LIST) return make_null();
        6: 2928:    int argc = arg->data.list.count;
        6: 2929:    if (argc == 2) {
        5: 2930:        Value *list = arg->data.list.items[0];
       5*: 2931:        int idx = (arg->data.list.items[1]->type == VAL_NUM) ? (int)arg->data.list.items[1]->data.num : 0;
        5: 2932:        if (list->type == VAL_LIST && idx >= 0 && idx < list->data.list.count)
        5: 2933:            return list->data.list.items[idx];
    #####: 2934:        return make_num(0.0);
        -: 2935:    }
        1: 2936:    if (argc == 3) {
        1: 2937:        Value *list = arg->data.list.items[0];
       1*: 2938:        int row = (arg->data.list.items[1]->type == VAL_NUM) ? (int)arg->data.list.items[1]->data.num : 0;
       1*: 2939:        int col = (arg->data.list.items[2]->type == VAL_NUM) ? (int)arg->data.list.items[2]->data.num : 0;
        1: 2940:        if (list->type == VAL_LIST && row >= 0 && row < list->data.list.count) {
        1: 2941:            Value *rowv = list->data.list.items[row];
        1: 2942:            if (rowv->type == VAL_LIST && col >= 0 && col < rowv->data.list.count)
        1: 2943:                return rowv->data.list.items[col];
        -: 2944:        }
    #####: 2945:        return make_num(0.0);
        -: 2946:    }
    #####: 2947:    return make_null();
        -: 2948:}
        -: 2949:
       92: 2950:void register_builtins(Env *env) {
        -: 2951:    /* ---- Core language builtins (always available) ---- */
       92: 2952:    env_set_local(env, "print", make_builtin(builtin_print));
       92: 2953:    env_set_local(env, "len", make_builtin(builtin_len));
       92: 2954:    env_set_local(env, "str", make_builtin(builtin_str));
       92: 2955:    env_set_local(env, "num", make_builtin(builtin_num));
       92: 2956:    env_set_local(env, "append", make_builtin(builtin_append));
       92: 2957:    env_set_local(env, "report", make_builtin(builtin_report));
       92: 2958:    env_set_local(env, "assert", make_builtin(builtin_assert));
       92: 2959:    env_set_local(env, "throw", make_builtin(builtin_throw));
       92: 2960:    env_set_local(env, "keys", make_builtin(builtin_keys));
       92: 2961:    env_set_local(env, "values", make_builtin(builtin_values));
       92: 2962:    env_set_local(env, "has_key", make_builtin(builtin_has_key));
       92: 2963:    env_set_local(env, "dict_set", make_builtin(builtin_dict_set));
       92: 2964:    env_set_local(env, "dict_remove", make_builtin(builtin_dict_remove));
       92: 2965:    env_set_local(env, "observe", make_builtin(builtin_observe));
       92: 2966:    env_set_local(env, "type", make_builtin(builtin_type));
       92: 2967:    env_set_local(env, "json_encode", make_builtin(builtin_json_encode));
       92: 2968:    env_set_local(env, "json_decode", make_builtin(builtin_json_decode));
       92: 2969:    env_set_local(env, "coalesce", make_builtin(builtin_coalesce));
       92: 2970:    env_set_local(env, "json_build", make_builtin(builtin_json_build));
       92: 2971:    env_set_local(env, "json_raw", make_builtin(builtin_json_raw));
       92: 2972:    env_set_local(env, "json_path", make_builtin(builtin_json_path));
       92: 2973:    env_set_local(env, "str_lower", make_builtin(builtin_str_lower));
       92: 2974:    env_set_local(env, "str_upper", make_builtin(builtin_str_upper));
       92: 2975:    env_set_local(env, "char_at", make_builtin(builtin_char_at));
       92: 2976:    env_set_local(env, "ends_with", make_builtin(builtin_ends_with));
       92: 2977:    env_set_local(env, "substr", make_builtin(builtin_substr));
       92: 2978:    env_set_local(env, "index_of", make_builtin(builtin_index_of));
       92: 2979:    env_set_local(env, "sin", make_builtin(builtin_sin));
       92: 2980:    env_set_local(env, "cos", make_builtin(builtin_cos));
       92: 2981:    env_set_local(env, "tan", make_builtin(builtin_tan));
       92: 2982:    env_set_local(env, "asin", make_builtin(builtin_asin));
       92: 2983:    env_set_local(env, "acos", make_builtin(builtin_acos));
       92: 2984:    env_set_local(env, "atan", make_builtin(builtin_atan));
       92: 2985:    env_set_local(env, "atan2", make_builtin(builtin_atan2));
       92: 2986:    env_set_local(env, "floor", make_builtin(builtin_floor));
       92: 2987:    env_set_local(env, "ceil", make_builtin(builtin_ceil));
       92: 2988:    env_set_local(env, "round", make_builtin(builtin_round));
       92: 2989:    env_set_local(env, "abs", make_builtin(builtin_abs));
       92: 2990:    env_set_local(env, "min", make_builtin(builtin_min));
       92: 2991:    env_set_local(env, "max", make_builtin(builtin_max));
       92: 2992:    env_set_local(env, "pi", make_builtin(builtin_pi));
       92: 2993:    env_set_local(env, "random", make_builtin(builtin_random));
       92: 2994:    env_set_local(env, "random_int", make_builtin(builtin_random_int));
       92: 2995:    env_set_local(env, "seed_random", make_builtin(builtin_seed_random));
       92: 2996:    env_set_local(env, "args", make_builtin(builtin_args));
       92: 2997:    env_set_local(env, "path_join", make_builtin(builtin_path_join));
       92: 2998:    env_set_local(env, "path_dir", make_builtin(builtin_path_dir));
       92: 2999:    env_set_local(env, "path_base", make_builtin(builtin_path_base));
       92: 3000:    env_set_local(env, "path_ext", make_builtin(builtin_path_ext));
       92: 3001:    env_set_local(env, "mkdir", make_builtin(builtin_mkdir));
       92: 3002:    env_set_local(env, "ls", make_builtin(builtin_ls));
       92: 3003:    env_set_local(env, "getcwd", make_builtin(builtin_getcwd));
       92: 3004:    env_set_local(env, "chdir", make_builtin(builtin_chdir));
       92: 3005:    env_set_local(env, "mktemp", make_builtin(builtin_mktemp));
       92: 3006:    env_set_local(env, "rm", make_builtin(builtin_rm));
       92: 3007:    env_set_local(env, "free_val", make_builtin(builtin_free_val));
       92: 3008:    env_set_local(env, "stream_open", make_builtin(builtin_stream_open));
       92: 3009:    env_set_local(env, "stream_write", make_builtin(builtin_stream_write));
       92: 3010:    env_set_local(env, "stream_close", make_builtin(builtin_stream_close));
       92: 3011:    env_set_local(env, "build_corpus", make_builtin(builtin_build_corpus));
       92: 3012:    env_set_local(env, "contains", make_builtin(builtin_contains));
       92: 3013:    env_set_local(env, "starts_with", make_builtin(builtin_starts_with));
       92: 3014:    env_set_local(env, "split", make_builtin(builtin_split));
       92: 3015:    env_set_local(env, "trim", make_builtin(builtin_trim));
       92: 3016:    env_set_local(env, "str_replace", make_builtin(builtin_str_replace));
       92: 3017:    env_set_local(env, "regex_match", make_builtin(builtin_match));
       92: 3018:    env_set_local(env, "regex_find", make_builtin(builtin_match_all));
       92: 3019:    env_set_local(env, "regex_replace", make_builtin(builtin_regex_replace));
       92: 3020:    env_set_local(env, "load_file", make_builtin(builtin_load_file));
       92: 3021:    env_set_local(env, "file_exists", make_builtin(builtin_file_exists));
       92: 3022:    env_set_local(env, "env_get", make_builtin(builtin_env_get));
       92: 3023:    env_set_local(env, "read_text", make_builtin(builtin_read_text));
       92: 3024:    env_set_local(env, "write_text", make_builtin(builtin_write_text));
       92: 3025:    env_set_local(env, "exec_capture", make_builtin(builtin_exec_capture));
        -: 3026:
        -: 3027:    /* ---- Tensor / math stdlib (always available) ---- */
       92: 3028:    env_set_local(env, "matmul", make_builtin(builtin_tensor_matmul));
       92: 3029:    env_set_local(env, "add", make_builtin(builtin_tensor_add));
       92: 3030:    env_set_local(env, "subtract", make_builtin(builtin_tensor_subtract));
       92: 3031:    env_set_local(env, "multiply", make_builtin(builtin_tensor_multiply));
       92: 3032:    env_set_local(env, "divide", make_builtin(builtin_tensor_divide));
       92: 3033:    env_set_local(env, "pow", make_builtin(builtin_tensor_pow));
       92: 3034:    env_set_local(env, "sqrt", make_builtin(builtin_tensor_sqrt));
       92: 3035:    env_set_local(env, "exp", make_builtin(builtin_tensor_exp));
       92: 3036:    env_set_local(env, "log", make_builtin(builtin_tensor_log));
       92: 3037:    env_set_local(env, "negative", make_builtin(builtin_tensor_negative));
       92: 3038:    env_set_local(env, "softmax", make_builtin(builtin_tensor_softmax));
       92: 3039:    env_set_local(env, "log_softmax", make_builtin(builtin_tensor_log_softmax));
       92: 3040:    env_set_local(env, "relu", make_builtin(builtin_tensor_relu));
       92: 3041:    env_set_local(env, "leaky_relu", make_builtin(builtin_tensor_leaky_relu));
       92: 3042:    env_set_local(env, "mean", make_builtin(builtin_tensor_mean));
       92: 3043:    env_set_local(env, "sum", make_builtin(builtin_tensor_sum));
       92: 3044:    env_set_local(env, "zeros", make_builtin(builtin_tensor_zeros));
       92: 3045:    env_set_local(env, "zeros_like", make_builtin(builtin_tensor_zeros_like));
       92: 3046:    env_set_local(env, "gather", make_builtin(builtin_tensor_gather));
       92: 3047:    env_set_local(env, "set_at", make_builtin(builtin_set_at));
       92: 3048:    env_set_local(env, "get_at", make_builtin(builtin_get_at));
       92: 3049:    env_set_local(env, "random_normal", make_builtin(builtin_random_normal));
       92: 3050:    env_set_local(env, "shape", make_builtin(builtin_tensor_shape));
       92: 3051:    env_set_local(env, "numerical_grad", make_builtin(builtin_numerical_grad));
       92: 3052:    env_set_local(env, "numerical_grad_rows", make_builtin(builtin_numerical_grad_rows));
       92: 3053:    env_set_local(env, "sgd_update", make_builtin(builtin_sgd_update));
       92: 3054:    env_set_local(env, "sgd_update_rows", make_builtin(builtin_sgd_update_rows));
       92: 3055:    env_set_local(env, "numerical_grad_cols", make_builtin(builtin_numerical_grad_cols));
       92: 3056:    env_set_local(env, "sgd_update_cols", make_builtin(builtin_sgd_update_cols));
       92: 3057:    env_set_local(env, "tokenize_ids", make_builtin(builtin_tokenize_ids));
       92: 3058:    env_set_local(env, "tokenize_with_names", make_builtin(builtin_tokenize_with_names));
       92: 3059:    env_set_local(env, "token_name", make_builtin(builtin_token_name));
       92: 3060:    env_set_local(env, "chr", make_builtin(builtin_chr));
       92: 3061:    env_set_local(env, "random_hex", make_builtin(builtin_random_hex));
       92: 3062:    env_set_local(env, "try_parse", make_builtin(builtin_try_parse));
       92: 3063:    env_set_local(env, "eval", make_builtin(builtin_eval));
       92: 3064:    env_set_local(env, "tensor_save", make_builtin(builtin_tensor_save));
       92: 3065:    env_set_local(env, "tensor_load", make_builtin(builtin_tensor_load));
       92: 3066:    env_set_local(env, "copy_into", make_builtin(builtin_copy_into));
       92: 3067:    env_set_local(env, "num_copy", make_builtin(builtin_num_copy));
       92: 3068:    env_set_local(env, "concat", make_builtin(builtin_concat));
       92: 3069:    env_set_local(env, "range", make_builtin(builtin_range));
       92: 3070:    env_set_local(env, "arena_mark", make_builtin(builtin_arena_mark));
       92: 3071:    env_set_local(env, "arena_reset", make_builtin(builtin_arena_reset));
       92: 3072:    env_set_local(env, "arena_stats", make_builtin(builtin_arena_stats));
        -: 3073:
        -: 3074:#if EIGENSCRIPT_EXT_HTTP
        -: 3075:    register_http_builtins(env);
        -: 3076:#endif
        -: 3077:
        -: 3078:#if EIGENSCRIPT_EXT_DB
        -: 3079:    register_db_builtins(env);
        -: 3080:#endif
        -: 3081:
        -: 3082:#if EIGENSCRIPT_EXT_MODEL
        -: 3083:    register_model_builtins(env);
        -: 3084:#endif
        -: 3085:
        -: 3086:
       92: 3087:}
        -: 3088:
        -: 3089:
